2016-04-03 02:30:24,116 - requests_oauthlib.oauth1_auth - DEBUG - Signing request <PreparedRequest [POST]> using client <Client nonce=None, signature_method=HMAC-SHA1, realm=None, encoding=utf-8, timestamp=None, resource_owner_secret=****, decoding=None, verifier=None, signature_type=AUTH_HEADER, rsa_key=None, resource_owner_key=711680708222128128-XRUg8vuqnjklE4RnqGXCFyJ6WZnG4Sx, client_secret=****, callback_uri=None, client_key=0IqUcNNGuKaY59epn9E3jhinY>
2016-04-03 02:30:24,116 - requests_oauthlib.oauth1_auth - DEBUG - Including body in call to sign: True
2016-04-03 02:30:24,118 - oauthlib.oauth1.rfc5849 - DEBUG - Collected params: [(u'delimited', u'length'), (u'oauth_nonce', u'108185238112927211041459650624'), (u'oauth_timestamp', u'1459650624'), (u'oauth_consumer_key', u'0IqUcNNGuKaY59epn9E3jhinY'), (u'oauth_signature_method', u'HMAC-SHA1'), (u'oauth_version', u'1.0'), (u'oauth_token', u'711680708222128128-XRUg8vuqnjklE4RnqGXCFyJ6WZnG4Sx'), (u'track', u'a,the,i,you,u'), (u'language', u'en')]
2016-04-03 02:30:24,141 - oauthlib.oauth1.rfc5849 - DEBUG - Normalized params: delimited=length&language=en&oauth_consumer_key=0IqUcNNGuKaY59epn9E3jhinY&oauth_nonce=108185238112927211041459650624&oauth_signature_method=HMAC-SHA1&oauth_timestamp=1459650624&oauth_token=711680708222128128-XRUg8vuqnjklE4RnqGXCFyJ6WZnG4Sx&oauth_version=1.0&track=a%2Cthe%2Ci%2Cyou%2Cu
2016-04-03 02:30:24,142 - oauthlib.oauth1.rfc5849 - DEBUG - Normalized URI: https://stream.twitter.com/1.1/statuses/filter.json
2016-04-03 02:30:24,142 - oauthlib.oauth1.rfc5849 - DEBUG - Base signing string: POST&https%3A%2F%2Fstream.twitter.com%2F1.1%2Fstatuses%2Ffilter.json&delimited%3Dlength%26language%3Den%26oauth_consumer_key%3D0IqUcNNGuKaY59epn9E3jhinY%26oauth_nonce%3D108185238112927211041459650624%26oauth_signature_method%3DHMAC-SHA1%26oauth_timestamp%3D1459650624%26oauth_token%3D711680708222128128-XRUg8vuqnjklE4RnqGXCFyJ6WZnG4Sx%26oauth_version%3D1.0%26track%3Da%252Cthe%252Ci%252Cyou%252Cu
2016-04-03 02:30:24,142 - oauthlib.oauth1.rfc5849 - DEBUG - Signature: wUtXdUrt5l6g4oaZtvxQDhBEX8M=
2016-04-03 02:30:24,143 - requests_oauthlib.oauth1_auth - DEBUG - Updated url: https://stream.twitter.com/1.1/statuses/filter.json?delimited=length
2016-04-03 02:30:24,143 - requests_oauthlib.oauth1_auth - DEBUG - Updated headers: {u'Content-Length': u'39', u'Content-Type': u'application/x-www-form-urlencoded', u'Authorization': u'OAuth oauth_nonce="108185238112927211041459650624", oauth_timestamp="1459650624", oauth_version="1.0", oauth_signature_method="HMAC-SHA1", oauth_consumer_key="0IqUcNNGuKaY59epn9E3jhinY", oauth_token="711680708222128128-XRUg8vuqnjklE4RnqGXCFyJ6WZnG4Sx", oauth_signature="wUtXdUrt5l6g4oaZtvxQDhBEX8M%3D"'}
2016-04-03 02:30:24,144 - requests_oauthlib.oauth1_auth - DEBUG - Updated body: u'track=a%2Cthe%2Ci%2Cyou%2Cu&language=en'
2016-04-03 02:30:24,177 - requests.packages.urllib3.connectionpool - INFO - Starting new HTTPS connection (1): stream.twitter.com
2016-04-03 02:30:24,546 - requests.packages.urllib3.connectionpool - DEBUG - "POST /1.1/statuses/filter.json?delimited=length HTTP/1.1" 420 36
2016-04-03 02:31:24,608 - requests_oauthlib.oauth1_auth - DEBUG - Signing request <PreparedRequest [POST]> using client <Client nonce=None, signature_method=HMAC-SHA1, realm=None, encoding=utf-8, timestamp=None, resource_owner_secret=****, decoding=None, verifier=None, signature_type=AUTH_HEADER, rsa_key=None, resource_owner_key=711680708222128128-XRUg8vuqnjklE4RnqGXCFyJ6WZnG4Sx, client_secret=****, callback_uri=None, client_key=0IqUcNNGuKaY59epn9E3jhinY>
2016-04-03 02:31:24,608 - requests_oauthlib.oauth1_auth - DEBUG - Including body in call to sign: True
2016-04-03 02:31:24,609 - oauthlib.oauth1.rfc5849 - DEBUG - Collected params: [(u'delimited', u'length'), (u'oauth_nonce', u'70867699632915631641459650684'), (u'oauth_timestamp', u'1459650684'), (u'oauth_consumer_key', u'0IqUcNNGuKaY59epn9E3jhinY'), (u'oauth_signature_method', u'HMAC-SHA1'), (u'oauth_version', u'1.0'), (u'oauth_token', u'711680708222128128-XRUg8vuqnjklE4RnqGXCFyJ6WZnG4Sx'), (u'track', u'a,the,i,you,u'), (u'language', u'en')]
2016-04-03 02:31:24,609 - oauthlib.oauth1.rfc5849 - DEBUG - Normalized params: delimited=length&language=en&oauth_consumer_key=0IqUcNNGuKaY59epn9E3jhinY&oauth_nonce=70867699632915631641459650684&oauth_signature_method=HMAC-SHA1&oauth_timestamp=1459650684&oauth_token=711680708222128128-XRUg8vuqnjklE4RnqGXCFyJ6WZnG4Sx&oauth_version=1.0&track=a%2Cthe%2Ci%2Cyou%2Cu
2016-04-03 02:31:24,609 - oauthlib.oauth1.rfc5849 - DEBUG - Normalized URI: https://stream.twitter.com/1.1/statuses/filter.json
2016-04-03 02:31:24,609 - oauthlib.oauth1.rfc5849 - DEBUG - Base signing string: POST&https%3A%2F%2Fstream.twitter.com%2F1.1%2Fstatuses%2Ffilter.json&delimited%3Dlength%26language%3Den%26oauth_consumer_key%3D0IqUcNNGuKaY59epn9E3jhinY%26oauth_nonce%3D70867699632915631641459650684%26oauth_signature_method%3DHMAC-SHA1%26oauth_timestamp%3D1459650684%26oauth_token%3D711680708222128128-XRUg8vuqnjklE4RnqGXCFyJ6WZnG4Sx%26oauth_version%3D1.0%26track%3Da%252Cthe%252Ci%252Cyou%252Cu
2016-04-03 02:31:24,609 - oauthlib.oauth1.rfc5849 - DEBUG - Signature: qTkVjtb10OizMgPkjhVtkrEYAF0=
2016-04-03 02:31:24,610 - requests_oauthlib.oauth1_auth - DEBUG - Updated url: https://stream.twitter.com/1.1/statuses/filter.json?delimited=length
2016-04-03 02:31:24,610 - requests_oauthlib.oauth1_auth - DEBUG - Updated headers: {u'Content-Length': u'39', u'Content-Type': u'application/x-www-form-urlencoded', u'Authorization': u'OAuth oauth_nonce="70867699632915631641459650684", oauth_timestamp="1459650684", oauth_version="1.0", oauth_signature_method="HMAC-SHA1", oauth_consumer_key="0IqUcNNGuKaY59epn9E3jhinY", oauth_token="711680708222128128-XRUg8vuqnjklE4RnqGXCFyJ6WZnG4Sx", oauth_signature="qTkVjtb10OizMgPkjhVtkrEYAF0%3D"'}
2016-04-03 02:31:24,610 - requests_oauthlib.oauth1_auth - DEBUG - Updated body: u'track=a%2Cthe%2Ci%2Cyou%2Cu&language=en'
2016-04-03 02:31:24,610 - requests.packages.urllib3.connectionpool - INFO - Starting new HTTPS connection (2): stream.twitter.com
2016-04-03 02:31:24,736 - requests.packages.urllib3.connectionpool - DEBUG - "POST /1.1/statuses/filter.json?delimited=length HTTP/1.1" 420 36
2016-04-03 02:32:02,043 - streamparse.storm.component - ERROR - Received EOF while trying to read stdin from Storm, pipe appears to be broken, exiting.
2016-04-03 02:33:24,838 - requests_oauthlib.oauth1_auth - DEBUG - Signing request <PreparedRequest [POST]> using client <Client nonce=None, signature_method=HMAC-SHA1, realm=None, encoding=utf-8, timestamp=None, resource_owner_secret=****, decoding=None, verifier=None, signature_type=AUTH_HEADER, rsa_key=None, resource_owner_key=711680708222128128-XRUg8vuqnjklE4RnqGXCFyJ6WZnG4Sx, client_secret=****, callback_uri=None, client_key=0IqUcNNGuKaY59epn9E3jhinY>
2016-04-03 02:33:24,838 - requests_oauthlib.oauth1_auth - DEBUG - Including body in call to sign: True
2016-04-03 02:33:24,839 - oauthlib.oauth1.rfc5849 - DEBUG - Collected params: [(u'delimited', u'length'), (u'oauth_nonce', u'158633180484346032721459650804'), (u'oauth_timestamp', u'1459650804'), (u'oauth_consumer_key', u'0IqUcNNGuKaY59epn9E3jhinY'), (u'oauth_signature_method', u'HMAC-SHA1'), (u'oauth_version', u'1.0'), (u'oauth_token', u'711680708222128128-XRUg8vuqnjklE4RnqGXCFyJ6WZnG4Sx'), (u'track', u'a,the,i,you,u'), (u'language', u'en')]
2016-04-03 02:33:24,839 - oauthlib.oauth1.rfc5849 - DEBUG - Normalized params: delimited=length&language=en&oauth_consumer_key=0IqUcNNGuKaY59epn9E3jhinY&oauth_nonce=158633180484346032721459650804&oauth_signature_method=HMAC-SHA1&oauth_timestamp=1459650804&oauth_token=711680708222128128-XRUg8vuqnjklE4RnqGXCFyJ6WZnG4Sx&oauth_version=1.0&track=a%2Cthe%2Ci%2Cyou%2Cu
2016-04-03 02:33:24,839 - oauthlib.oauth1.rfc5849 - DEBUG - Normalized URI: https://stream.twitter.com/1.1/statuses/filter.json
2016-04-03 02:33:24,839 - oauthlib.oauth1.rfc5849 - DEBUG - Base signing string: POST&https%3A%2F%2Fstream.twitter.com%2F1.1%2Fstatuses%2Ffilter.json&delimited%3Dlength%26language%3Den%26oauth_consumer_key%3D0IqUcNNGuKaY59epn9E3jhinY%26oauth_nonce%3D158633180484346032721459650804%26oauth_signature_method%3DHMAC-SHA1%26oauth_timestamp%3D1459650804%26oauth_token%3D711680708222128128-XRUg8vuqnjklE4RnqGXCFyJ6WZnG4Sx%26oauth_version%3D1.0%26track%3Da%252Cthe%252Ci%252Cyou%252Cu
2016-04-03 02:33:24,840 - oauthlib.oauth1.rfc5849 - DEBUG - Signature: VXiR5ygQb0JVhEvMXqQ7I3GJE/Y=
2016-04-03 02:33:24,840 - requests_oauthlib.oauth1_auth - DEBUG - Updated url: https://stream.twitter.com/1.1/statuses/filter.json?delimited=length
2016-04-03 02:33:24,840 - requests_oauthlib.oauth1_auth - DEBUG - Updated headers: {u'Content-Length': u'39', u'Content-Type': u'application/x-www-form-urlencoded', u'Authorization': u'OAuth oauth_nonce="158633180484346032721459650804", oauth_timestamp="1459650804", oauth_version="1.0", oauth_signature_method="HMAC-SHA1", oauth_consumer_key="0IqUcNNGuKaY59epn9E3jhinY", oauth_token="711680708222128128-XRUg8vuqnjklE4RnqGXCFyJ6WZnG4Sx", oauth_signature="VXiR5ygQb0JVhEvMXqQ7I3GJE%2FY%3D"'}
2016-04-03 02:33:24,840 - requests_oauthlib.oauth1_auth - DEBUG - Updated body: u'track=a%2Cthe%2Ci%2Cyou%2Cu&language=en'
2016-04-03 02:33:24,841 - requests.packages.urllib3.connectionpool - INFO - Starting new HTTPS connection (3): stream.twitter.com
2016-04-03 02:33:25,091 - requests.packages.urllib3.connectionpool - DEBUG - "POST /1.1/statuses/filter.json?delimited=length HTTP/1.1" 200 None
