2016-04-15 00:02:13,699 - requests_oauthlib.oauth1_auth - DEBUG - Signing request <PreparedRequest [POST]> using client <Client nonce=None, signature_method=HMAC-SHA1, realm=None, encoding=utf-8, timestamp=None, resource_owner_secret=****, decoding=None, verifier=None, signature_type=AUTH_HEADER, rsa_key=None, resource_owner_key=711680708222128128-XRUg8vuqnjklE4RnqGXCFyJ6WZnG4Sx, client_secret=****, callback_uri=None, client_key=0IqUcNNGuKaY59epn9E3jhinY>
2016-04-15 00:02:13,700 - requests_oauthlib.oauth1_auth - DEBUG - Including body in call to sign: True
2016-04-15 00:02:13,700 - oauthlib.oauth1.rfc5849 - DEBUG - Collected params: [(u'delimited', u'length'), (u'oauth_nonce', u'16791039001610623121460678533'), (u'oauth_timestamp', u'1460678533'), (u'oauth_consumer_key', u'0IqUcNNGuKaY59epn9E3jhinY'), (u'oauth_signature_method', u'HMAC-SHA1'), (u'oauth_version', u'1.0'), (u'oauth_token', u'711680708222128128-XRUg8vuqnjklE4RnqGXCFyJ6WZnG4Sx'), (u'track', u'a,the,i,you,u'), (u'language', u'en')]
2016-04-15 00:02:13,701 - oauthlib.oauth1.rfc5849 - DEBUG - Normalized params: delimited=length&language=en&oauth_consumer_key=0IqUcNNGuKaY59epn9E3jhinY&oauth_nonce=16791039001610623121460678533&oauth_signature_method=HMAC-SHA1&oauth_timestamp=1460678533&oauth_token=711680708222128128-XRUg8vuqnjklE4RnqGXCFyJ6WZnG4Sx&oauth_version=1.0&track=a%2Cthe%2Ci%2Cyou%2Cu
2016-04-15 00:02:13,701 - oauthlib.oauth1.rfc5849 - DEBUG - Normalized URI: https://stream.twitter.com/1.1/statuses/filter.json
2016-04-15 00:02:13,701 - oauthlib.oauth1.rfc5849 - DEBUG - Base signing string: POST&https%3A%2F%2Fstream.twitter.com%2F1.1%2Fstatuses%2Ffilter.json&delimited%3Dlength%26language%3Den%26oauth_consumer_key%3D0IqUcNNGuKaY59epn9E3jhinY%26oauth_nonce%3D16791039001610623121460678533%26oauth_signature_method%3DHMAC-SHA1%26oauth_timestamp%3D1460678533%26oauth_token%3D711680708222128128-XRUg8vuqnjklE4RnqGXCFyJ6WZnG4Sx%26oauth_version%3D1.0%26track%3Da%252Cthe%252Ci%252Cyou%252Cu
2016-04-15 00:02:13,701 - oauthlib.oauth1.rfc5849 - DEBUG - Signature: LSs+wInvst69bUEpBl7FmCJRksE=
2016-04-15 00:02:13,701 - requests_oauthlib.oauth1_auth - DEBUG - Updated url: https://stream.twitter.com/1.1/statuses/filter.json?delimited=length
2016-04-15 00:02:13,701 - requests_oauthlib.oauth1_auth - DEBUG - Updated headers: {u'Content-Length': u'39', u'Content-Type': u'application/x-www-form-urlencoded', u'Authorization': u'OAuth oauth_nonce="16791039001610623121460678533", oauth_timestamp="1460678533", oauth_version="1.0", oauth_signature_method="HMAC-SHA1", oauth_consumer_key="0IqUcNNGuKaY59epn9E3jhinY", oauth_token="711680708222128128-XRUg8vuqnjklE4RnqGXCFyJ6WZnG4Sx", oauth_signature="LSs%2BwInvst69bUEpBl7FmCJRksE%3D"'}
2016-04-15 00:02:13,702 - requests_oauthlib.oauth1_auth - DEBUG - Updated body: u'track=a%2Cthe%2Ci%2Cyou%2Cu&language=en'
2016-04-15 00:02:13,703 - requests.packages.urllib3.connectionpool - INFO - Starting new HTTPS connection (1): stream.twitter.com
2016-04-15 00:02:13,815 - requests.packages.urllib3.connectionpool - DEBUG - "POST /1.1/statuses/filter.json?delimited=length HTTP/1.1" 420 36
2016-04-15 00:03:13,874 - requests_oauthlib.oauth1_auth - DEBUG - Signing request <PreparedRequest [POST]> using client <Client nonce=None, signature_method=HMAC-SHA1, realm=None, encoding=utf-8, timestamp=None, resource_owner_secret=****, decoding=None, verifier=None, signature_type=AUTH_HEADER, rsa_key=None, resource_owner_key=711680708222128128-XRUg8vuqnjklE4RnqGXCFyJ6WZnG4Sx, client_secret=****, callback_uri=None, client_key=0IqUcNNGuKaY59epn9E3jhinY>
2016-04-15 00:03:13,875 - requests_oauthlib.oauth1_auth - DEBUG - Including body in call to sign: True
2016-04-15 00:03:13,875 - oauthlib.oauth1.rfc5849 - DEBUG - Collected params: [(u'delimited', u'length'), (u'oauth_nonce', u'116380378564462906321460678593'), (u'oauth_timestamp', u'1460678593'), (u'oauth_consumer_key', u'0IqUcNNGuKaY59epn9E3jhinY'), (u'oauth_signature_method', u'HMAC-SHA1'), (u'oauth_version', u'1.0'), (u'oauth_token', u'711680708222128128-XRUg8vuqnjklE4RnqGXCFyJ6WZnG4Sx'), (u'track', u'a,the,i,you,u'), (u'language', u'en')]
2016-04-15 00:03:13,876 - oauthlib.oauth1.rfc5849 - DEBUG - Normalized params: delimited=length&language=en&oauth_consumer_key=0IqUcNNGuKaY59epn9E3jhinY&oauth_nonce=116380378564462906321460678593&oauth_signature_method=HMAC-SHA1&oauth_timestamp=1460678593&oauth_token=711680708222128128-XRUg8vuqnjklE4RnqGXCFyJ6WZnG4Sx&oauth_version=1.0&track=a%2Cthe%2Ci%2Cyou%2Cu
2016-04-15 00:03:13,876 - oauthlib.oauth1.rfc5849 - DEBUG - Normalized URI: https://stream.twitter.com/1.1/statuses/filter.json
2016-04-15 00:03:13,876 - oauthlib.oauth1.rfc5849 - DEBUG - Base signing string: POST&https%3A%2F%2Fstream.twitter.com%2F1.1%2Fstatuses%2Ffilter.json&delimited%3Dlength%26language%3Den%26oauth_consumer_key%3D0IqUcNNGuKaY59epn9E3jhinY%26oauth_nonce%3D116380378564462906321460678593%26oauth_signature_method%3DHMAC-SHA1%26oauth_timestamp%3D1460678593%26oauth_token%3D711680708222128128-XRUg8vuqnjklE4RnqGXCFyJ6WZnG4Sx%26oauth_version%3D1.0%26track%3Da%252Cthe%252Ci%252Cyou%252Cu
2016-04-15 00:03:13,876 - oauthlib.oauth1.rfc5849 - DEBUG - Signature: 7+CV4P2lPj4cqX0QplIoa+ZP3OE=
2016-04-15 00:03:13,876 - requests_oauthlib.oauth1_auth - DEBUG - Updated url: https://stream.twitter.com/1.1/statuses/filter.json?delimited=length
2016-04-15 00:03:13,877 - requests_oauthlib.oauth1_auth - DEBUG - Updated headers: {u'Content-Length': u'39', u'Content-Type': u'application/x-www-form-urlencoded', u'Authorization': u'OAuth oauth_nonce="116380378564462906321460678593", oauth_timestamp="1460678593", oauth_version="1.0", oauth_signature_method="HMAC-SHA1", oauth_consumer_key="0IqUcNNGuKaY59epn9E3jhinY", oauth_token="711680708222128128-XRUg8vuqnjklE4RnqGXCFyJ6WZnG4Sx", oauth_signature="7%2BCV4P2lPj4cqX0QplIoa%2BZP3OE%3D"'}
2016-04-15 00:03:13,877 - requests_oauthlib.oauth1_auth - DEBUG - Updated body: u'track=a%2Cthe%2Ci%2Cyou%2Cu&language=en'
2016-04-15 00:03:13,877 - requests.packages.urllib3.connectionpool - INFO - Starting new HTTPS connection (2): stream.twitter.com
2016-04-15 00:03:13,996 - requests.packages.urllib3.connectionpool - DEBUG - "POST /1.1/statuses/filter.json?delimited=length HTTP/1.1" 200 None
