2016-04-15 01:37:03,265 - requests_oauthlib.oauth1_auth - DEBUG - Signing request <PreparedRequest [POST]> using client <Client nonce=None, signature_method=HMAC-SHA1, realm=None, encoding=utf-8, timestamp=None, resource_owner_secret=****, decoding=None, verifier=None, signature_type=AUTH_HEADER, rsa_key=None, resource_owner_key=711680708222128128-XRUg8vuqnjklE4RnqGXCFyJ6WZnG4Sx, client_secret=****, callback_uri=None, client_key=0IqUcNNGuKaY59epn9E3jhinY>
2016-04-15 01:37:03,265 - requests_oauthlib.oauth1_auth - DEBUG - Including body in call to sign: True
2016-04-15 01:37:03,266 - oauthlib.oauth1.rfc5849 - DEBUG - Collected params: [(u'delimited', u'length'), (u'oauth_nonce', u'172457925579173607541460684223'), (u'oauth_timestamp', u'1460684223'), (u'oauth_consumer_key', u'0IqUcNNGuKaY59epn9E3jhinY'), (u'oauth_signature_method', u'HMAC-SHA1'), (u'oauth_version', u'1.0'), (u'oauth_token', u'711680708222128128-XRUg8vuqnjklE4RnqGXCFyJ6WZnG4Sx'), (u'language', u'en')]
2016-04-15 01:37:03,267 - oauthlib.oauth1.rfc5849 - DEBUG - Normalized params: delimited=length&language=en&oauth_consumer_key=0IqUcNNGuKaY59epn9E3jhinY&oauth_nonce=172457925579173607541460684223&oauth_signature_method=HMAC-SHA1&oauth_timestamp=1460684223&oauth_token=711680708222128128-XRUg8vuqnjklE4RnqGXCFyJ6WZnG4Sx&oauth_version=1.0
2016-04-15 01:37:03,267 - oauthlib.oauth1.rfc5849 - DEBUG - Normalized URI: https://stream.twitter.com/1.1/statuses/filter.json
2016-04-15 01:37:03,267 - oauthlib.oauth1.rfc5849 - DEBUG - Base signing string: POST&https%3A%2F%2Fstream.twitter.com%2F1.1%2Fstatuses%2Ffilter.json&delimited%3Dlength%26language%3Den%26oauth_consumer_key%3D0IqUcNNGuKaY59epn9E3jhinY%26oauth_nonce%3D172457925579173607541460684223%26oauth_signature_method%3DHMAC-SHA1%26oauth_timestamp%3D1460684223%26oauth_token%3D711680708222128128-XRUg8vuqnjklE4RnqGXCFyJ6WZnG4Sx%26oauth_version%3D1.0
2016-04-15 01:37:03,268 - oauthlib.oauth1.rfc5849 - DEBUG - Signature: Yuq7QmrFdCZvwi3enYRKOfOvFvo=
2016-04-15 01:37:03,268 - requests_oauthlib.oauth1_auth - DEBUG - Updated url: https://stream.twitter.com/1.1/statuses/filter.json?delimited=length
2016-04-15 01:37:03,268 - requests_oauthlib.oauth1_auth - DEBUG - Updated headers: {u'Content-Length': u'11', u'Content-Type': u'application/x-www-form-urlencoded', u'Authorization': u'OAuth oauth_nonce="172457925579173607541460684223", oauth_timestamp="1460684223", oauth_version="1.0", oauth_signature_method="HMAC-SHA1", oauth_consumer_key="0IqUcNNGuKaY59epn9E3jhinY", oauth_token="711680708222128128-XRUg8vuqnjklE4RnqGXCFyJ6WZnG4Sx", oauth_signature="Yuq7QmrFdCZvwi3enYRKOfOvFvo%3D"'}
2016-04-15 01:37:03,268 - requests_oauthlib.oauth1_auth - DEBUG - Updated body: u'language=en'
2016-04-15 01:37:03,271 - requests.packages.urllib3.connectionpool - INFO - Starting new HTTPS connection (1): stream.twitter.com
2016-04-15 01:37:03,473 - requests.packages.urllib3.connectionpool - DEBUG - "POST /1.1/statuses/filter.json?delimited=length HTTP/1.1" 406 83
2016-04-15 01:37:08,479 - requests_oauthlib.oauth1_auth - DEBUG - Signing request <PreparedRequest [POST]> using client <Client nonce=None, signature_method=HMAC-SHA1, realm=None, encoding=utf-8, timestamp=None, resource_owner_secret=****, decoding=None, verifier=None, signature_type=AUTH_HEADER, rsa_key=None, resource_owner_key=711680708222128128-XRUg8vuqnjklE4RnqGXCFyJ6WZnG4Sx, client_secret=****, callback_uri=None, client_key=0IqUcNNGuKaY59epn9E3jhinY>
2016-04-15 01:37:08,480 - requests_oauthlib.oauth1_auth - DEBUG - Including body in call to sign: True
2016-04-15 01:37:08,481 - oauthlib.oauth1.rfc5849 - DEBUG - Collected params: [(u'delimited', u'length'), (u'oauth_nonce', u'18807479345955259661460684228'), (u'oauth_timestamp', u'1460684228'), (u'oauth_consumer_key', u'0IqUcNNGuKaY59epn9E3jhinY'), (u'oauth_signature_method', u'HMAC-SHA1'), (u'oauth_version', u'1.0'), (u'oauth_token', u'711680708222128128-XRUg8vuqnjklE4RnqGXCFyJ6WZnG4Sx'), (u'language', u'en')]
2016-04-15 01:37:08,481 - oauthlib.oauth1.rfc5849 - DEBUG - Normalized params: delimited=length&language=en&oauth_consumer_key=0IqUcNNGuKaY59epn9E3jhinY&oauth_nonce=18807479345955259661460684228&oauth_signature_method=HMAC-SHA1&oauth_timestamp=1460684228&oauth_token=711680708222128128-XRUg8vuqnjklE4RnqGXCFyJ6WZnG4Sx&oauth_version=1.0
2016-04-15 01:37:08,481 - oauthlib.oauth1.rfc5849 - DEBUG - Normalized URI: https://stream.twitter.com/1.1/statuses/filter.json
2016-04-15 01:37:08,481 - oauthlib.oauth1.rfc5849 - DEBUG - Base signing string: POST&https%3A%2F%2Fstream.twitter.com%2F1.1%2Fstatuses%2Ffilter.json&delimited%3Dlength%26language%3Den%26oauth_consumer_key%3D0IqUcNNGuKaY59epn9E3jhinY%26oauth_nonce%3D18807479345955259661460684228%26oauth_signature_method%3DHMAC-SHA1%26oauth_timestamp%3D1460684228%26oauth_token%3D711680708222128128-XRUg8vuqnjklE4RnqGXCFyJ6WZnG4Sx%26oauth_version%3D1.0
2016-04-15 01:37:08,482 - oauthlib.oauth1.rfc5849 - DEBUG - Signature: MLiepZ2BW2HBjShIp2eAj+hOkvw=
2016-04-15 01:37:08,482 - requests_oauthlib.oauth1_auth - DEBUG - Updated url: https://stream.twitter.com/1.1/statuses/filter.json?delimited=length
2016-04-15 01:37:08,482 - requests_oauthlib.oauth1_auth - DEBUG - Updated headers: {u'Content-Length': u'11', u'Content-Type': u'application/x-www-form-urlencoded', u'Authorization': u'OAuth oauth_nonce="18807479345955259661460684228", oauth_timestamp="1460684228", oauth_version="1.0", oauth_signature_method="HMAC-SHA1", oauth_consumer_key="0IqUcNNGuKaY59epn9E3jhinY", oauth_token="711680708222128128-XRUg8vuqnjklE4RnqGXCFyJ6WZnG4Sx", oauth_signature="MLiepZ2BW2HBjShIp2eAj%2BhOkvw%3D"'}
2016-04-15 01:37:08,483 - requests_oauthlib.oauth1_auth - DEBUG - Updated body: u'language=en'
2016-04-15 01:37:08,483 - requests.packages.urllib3.connectionpool - INFO - Starting new HTTPS connection (2): stream.twitter.com
2016-04-15 01:37:13,703 - requests.packages.urllib3.connectionpool - DEBUG - "POST /1.1/statuses/filter.json?delimited=length HTTP/1.1" 420 67
2016-04-15 01:38:13,763 - requests_oauthlib.oauth1_auth - DEBUG - Signing request <PreparedRequest [POST]> using client <Client nonce=None, signature_method=HMAC-SHA1, realm=None, encoding=utf-8, timestamp=None, resource_owner_secret=****, decoding=None, verifier=None, signature_type=AUTH_HEADER, rsa_key=None, resource_owner_key=711680708222128128-XRUg8vuqnjklE4RnqGXCFyJ6WZnG4Sx, client_secret=****, callback_uri=None, client_key=0IqUcNNGuKaY59epn9E3jhinY>
2016-04-15 01:38:13,764 - requests_oauthlib.oauth1_auth - DEBUG - Including body in call to sign: True
2016-04-15 01:38:13,764 - oauthlib.oauth1.rfc5849 - DEBUG - Collected params: [(u'delimited', u'length'), (u'oauth_nonce', u'78261307363701891321460684293'), (u'oauth_timestamp', u'1460684293'), (u'oauth_consumer_key', u'0IqUcNNGuKaY59epn9E3jhinY'), (u'oauth_signature_method', u'HMAC-SHA1'), (u'oauth_version', u'1.0'), (u'oauth_token', u'711680708222128128-XRUg8vuqnjklE4RnqGXCFyJ6WZnG4Sx'), (u'language', u'en')]
2016-04-15 01:38:13,765 - oauthlib.oauth1.rfc5849 - DEBUG - Normalized params: delimited=length&language=en&oauth_consumer_key=0IqUcNNGuKaY59epn9E3jhinY&oauth_nonce=78261307363701891321460684293&oauth_signature_method=HMAC-SHA1&oauth_timestamp=1460684293&oauth_token=711680708222128128-XRUg8vuqnjklE4RnqGXCFyJ6WZnG4Sx&oauth_version=1.0
2016-04-15 01:38:13,765 - oauthlib.oauth1.rfc5849 - DEBUG - Normalized URI: https://stream.twitter.com/1.1/statuses/filter.json
2016-04-15 01:38:13,765 - oauthlib.oauth1.rfc5849 - DEBUG - Base signing string: POST&https%3A%2F%2Fstream.twitter.com%2F1.1%2Fstatuses%2Ffilter.json&delimited%3Dlength%26language%3Den%26oauth_consumer_key%3D0IqUcNNGuKaY59epn9E3jhinY%26oauth_nonce%3D78261307363701891321460684293%26oauth_signature_method%3DHMAC-SHA1%26oauth_timestamp%3D1460684293%26oauth_token%3D711680708222128128-XRUg8vuqnjklE4RnqGXCFyJ6WZnG4Sx%26oauth_version%3D1.0
2016-04-15 01:38:13,766 - oauthlib.oauth1.rfc5849 - DEBUG - Signature: hvNY1jtwBaZA/+P7FZx6kD2YdPY=
2016-04-15 01:38:13,766 - requests_oauthlib.oauth1_auth - DEBUG - Updated url: https://stream.twitter.com/1.1/statuses/filter.json?delimited=length
2016-04-15 01:38:13,766 - requests_oauthlib.oauth1_auth - DEBUG - Updated headers: {u'Content-Length': u'11', u'Content-Type': u'application/x-www-form-urlencoded', u'Authorization': u'OAuth oauth_nonce="78261307363701891321460684293", oauth_timestamp="1460684293", oauth_version="1.0", oauth_signature_method="HMAC-SHA1", oauth_consumer_key="0IqUcNNGuKaY59epn9E3jhinY", oauth_token="711680708222128128-XRUg8vuqnjklE4RnqGXCFyJ6WZnG4Sx", oauth_signature="hvNY1jtwBaZA%2F%2BP7FZx6kD2YdPY%3D"'}
2016-04-15 01:38:13,767 - requests_oauthlib.oauth1_auth - DEBUG - Updated body: u'language=en'
2016-04-15 01:38:13,767 - requests.packages.urllib3.connectionpool - INFO - Starting new HTTPS connection (3): stream.twitter.com
2016-04-15 01:38:13,939 - requests.packages.urllib3.connectionpool - DEBUG - "POST /1.1/statuses/filter.json?delimited=length HTTP/1.1" 406 83
2016-04-15 01:40:14,039 - requests_oauthlib.oauth1_auth - DEBUG - Signing request <PreparedRequest [POST]> using client <Client nonce=None, signature_method=HMAC-SHA1, realm=None, encoding=utf-8, timestamp=None, resource_owner_secret=****, decoding=None, verifier=None, signature_type=AUTH_HEADER, rsa_key=None, resource_owner_key=711680708222128128-XRUg8vuqnjklE4RnqGXCFyJ6WZnG4Sx, client_secret=****, callback_uri=None, client_key=0IqUcNNGuKaY59epn9E3jhinY>
2016-04-15 01:40:14,039 - requests_oauthlib.oauth1_auth - DEBUG - Including body in call to sign: True
2016-04-15 01:40:14,040 - oauthlib.oauth1.rfc5849 - DEBUG - Collected params: [(u'delimited', u'length'), (u'oauth_nonce', u'134787723514160749621460684414'), (u'oauth_timestamp', u'1460684414'), (u'oauth_consumer_key', u'0IqUcNNGuKaY59epn9E3jhinY'), (u'oauth_signature_method', u'HMAC-SHA1'), (u'oauth_version', u'1.0'), (u'oauth_token', u'711680708222128128-XRUg8vuqnjklE4RnqGXCFyJ6WZnG4Sx'), (u'language', u'en')]
2016-04-15 01:40:14,040 - oauthlib.oauth1.rfc5849 - DEBUG - Normalized params: delimited=length&language=en&oauth_consumer_key=0IqUcNNGuKaY59epn9E3jhinY&oauth_nonce=134787723514160749621460684414&oauth_signature_method=HMAC-SHA1&oauth_timestamp=1460684414&oauth_token=711680708222128128-XRUg8vuqnjklE4RnqGXCFyJ6WZnG4Sx&oauth_version=1.0
2016-04-15 01:40:14,040 - oauthlib.oauth1.rfc5849 - DEBUG - Normalized URI: https://stream.twitter.com/1.1/statuses/filter.json
2016-04-15 01:40:14,040 - oauthlib.oauth1.rfc5849 - DEBUG - Base signing string: POST&https%3A%2F%2Fstream.twitter.com%2F1.1%2Fstatuses%2Ffilter.json&delimited%3Dlength%26language%3Den%26oauth_consumer_key%3D0IqUcNNGuKaY59epn9E3jhinY%26oauth_nonce%3D134787723514160749621460684414%26oauth_signature_method%3DHMAC-SHA1%26oauth_timestamp%3D1460684414%26oauth_token%3D711680708222128128-XRUg8vuqnjklE4RnqGXCFyJ6WZnG4Sx%26oauth_version%3D1.0
2016-04-15 01:40:14,041 - oauthlib.oauth1.rfc5849 - DEBUG - Signature: XfCttt2Dkl1MrE5NZArHT75wMks=
2016-04-15 01:40:14,041 - requests_oauthlib.oauth1_auth - DEBUG - Updated url: https://stream.twitter.com/1.1/statuses/filter.json?delimited=length
2016-04-15 01:40:14,041 - requests_oauthlib.oauth1_auth - DEBUG - Updated headers: {u'Content-Length': u'11', u'Content-Type': u'application/x-www-form-urlencoded', u'Authorization': u'OAuth oauth_nonce="134787723514160749621460684414", oauth_timestamp="1460684414", oauth_version="1.0", oauth_signature_method="HMAC-SHA1", oauth_consumer_key="0IqUcNNGuKaY59epn9E3jhinY", oauth_token="711680708222128128-XRUg8vuqnjklE4RnqGXCFyJ6WZnG4Sx", oauth_signature="XfCttt2Dkl1MrE5NZArHT75wMks%3D"'}
2016-04-15 01:40:14,041 - requests_oauthlib.oauth1_auth - DEBUG - Updated body: u'language=en'
2016-04-15 01:40:14,041 - requests.packages.urllib3.connectionpool - INFO - Starting new HTTPS connection (4): stream.twitter.com
2016-04-15 01:40:14,342 - requests.packages.urllib3.connectionpool - DEBUG - "POST /1.1/statuses/filter.json?delimited=length HTTP/1.1" 406 83
2016-04-15 01:44:14,441 - requests_oauthlib.oauth1_auth - DEBUG - Signing request <PreparedRequest [POST]> using client <Client nonce=None, signature_method=HMAC-SHA1, realm=None, encoding=utf-8, timestamp=None, resource_owner_secret=****, decoding=None, verifier=None, signature_type=AUTH_HEADER, rsa_key=None, resource_owner_key=711680708222128128-XRUg8vuqnjklE4RnqGXCFyJ6WZnG4Sx, client_secret=****, callback_uri=None, client_key=0IqUcNNGuKaY59epn9E3jhinY>
2016-04-15 01:44:14,442 - requests_oauthlib.oauth1_auth - DEBUG - Including body in call to sign: True
2016-04-15 01:44:14,442 - oauthlib.oauth1.rfc5849 - DEBUG - Collected params: [(u'delimited', u'length'), (u'oauth_nonce', u'150797006497585302141460684654'), (u'oauth_timestamp', u'1460684654'), (u'oauth_consumer_key', u'0IqUcNNGuKaY59epn9E3jhinY'), (u'oauth_signature_method', u'HMAC-SHA1'), (u'oauth_version', u'1.0'), (u'oauth_token', u'711680708222128128-XRUg8vuqnjklE4RnqGXCFyJ6WZnG4Sx'), (u'language', u'en')]
2016-04-15 01:44:14,443 - oauthlib.oauth1.rfc5849 - DEBUG - Normalized params: delimited=length&language=en&oauth_consumer_key=0IqUcNNGuKaY59epn9E3jhinY&oauth_nonce=150797006497585302141460684654&oauth_signature_method=HMAC-SHA1&oauth_timestamp=1460684654&oauth_token=711680708222128128-XRUg8vuqnjklE4RnqGXCFyJ6WZnG4Sx&oauth_version=1.0
2016-04-15 01:44:14,443 - oauthlib.oauth1.rfc5849 - DEBUG - Normalized URI: https://stream.twitter.com/1.1/statuses/filter.json
2016-04-15 01:44:14,443 - oauthlib.oauth1.rfc5849 - DEBUG - Base signing string: POST&https%3A%2F%2Fstream.twitter.com%2F1.1%2Fstatuses%2Ffilter.json&delimited%3Dlength%26language%3Den%26oauth_consumer_key%3D0IqUcNNGuKaY59epn9E3jhinY%26oauth_nonce%3D150797006497585302141460684654%26oauth_signature_method%3DHMAC-SHA1%26oauth_timestamp%3D1460684654%26oauth_token%3D711680708222128128-XRUg8vuqnjklE4RnqGXCFyJ6WZnG4Sx%26oauth_version%3D1.0
2016-04-15 01:44:14,443 - oauthlib.oauth1.rfc5849 - DEBUG - Signature: 7oYsMRExbwRXU8plj/HcF/hFGMI=
2016-04-15 01:44:14,443 - requests_oauthlib.oauth1_auth - DEBUG - Updated url: https://stream.twitter.com/1.1/statuses/filter.json?delimited=length
2016-04-15 01:44:14,443 - requests_oauthlib.oauth1_auth - DEBUG - Updated headers: {u'Content-Length': u'11', u'Content-Type': u'application/x-www-form-urlencoded', u'Authorization': u'OAuth oauth_nonce="150797006497585302141460684654", oauth_timestamp="1460684654", oauth_version="1.0", oauth_signature_method="HMAC-SHA1", oauth_consumer_key="0IqUcNNGuKaY59epn9E3jhinY", oauth_token="711680708222128128-XRUg8vuqnjklE4RnqGXCFyJ6WZnG4Sx", oauth_signature="7oYsMRExbwRXU8plj%2FHcF%2FhFGMI%3D"'}
2016-04-15 01:44:14,444 - requests_oauthlib.oauth1_auth - DEBUG - Updated body: u'language=en'
2016-04-15 01:44:14,444 - requests.packages.urllib3.connectionpool - INFO - Starting new HTTPS connection (5): stream.twitter.com
2016-04-15 01:44:14,604 - requests.packages.urllib3.connectionpool - DEBUG - "POST /1.1/statuses/filter.json?delimited=length HTTP/1.1" 406 83
2016-04-15 01:49:34,700 - requests_oauthlib.oauth1_auth - DEBUG - Signing request <PreparedRequest [POST]> using client <Client nonce=None, signature_method=HMAC-SHA1, realm=None, encoding=utf-8, timestamp=None, resource_owner_secret=****, decoding=None, verifier=None, signature_type=AUTH_HEADER, rsa_key=None, resource_owner_key=711680708222128128-XRUg8vuqnjklE4RnqGXCFyJ6WZnG4Sx, client_secret=****, callback_uri=None, client_key=0IqUcNNGuKaY59epn9E3jhinY>
2016-04-15 01:49:34,700 - requests_oauthlib.oauth1_auth - DEBUG - Including body in call to sign: True
2016-04-15 01:49:34,701 - oauthlib.oauth1.rfc5849 - DEBUG - Collected params: [(u'delimited', u'length'), (u'oauth_nonce', u'110884245840663283891460684974'), (u'oauth_timestamp', u'1460684974'), (u'oauth_consumer_key', u'0IqUcNNGuKaY59epn9E3jhinY'), (u'oauth_signature_method', u'HMAC-SHA1'), (u'oauth_version', u'1.0'), (u'oauth_token', u'711680708222128128-XRUg8vuqnjklE4RnqGXCFyJ6WZnG4Sx'), (u'language', u'en')]
2016-04-15 01:49:34,701 - oauthlib.oauth1.rfc5849 - DEBUG - Normalized params: delimited=length&language=en&oauth_consumer_key=0IqUcNNGuKaY59epn9E3jhinY&oauth_nonce=110884245840663283891460684974&oauth_signature_method=HMAC-SHA1&oauth_timestamp=1460684974&oauth_token=711680708222128128-XRUg8vuqnjklE4RnqGXCFyJ6WZnG4Sx&oauth_version=1.0
2016-04-15 01:49:34,701 - oauthlib.oauth1.rfc5849 - DEBUG - Normalized URI: https://stream.twitter.com/1.1/statuses/filter.json
2016-04-15 01:49:34,702 - oauthlib.oauth1.rfc5849 - DEBUG - Base signing string: POST&https%3A%2F%2Fstream.twitter.com%2F1.1%2Fstatuses%2Ffilter.json&delimited%3Dlength%26language%3Den%26oauth_consumer_key%3D0IqUcNNGuKaY59epn9E3jhinY%26oauth_nonce%3D110884245840663283891460684974%26oauth_signature_method%3DHMAC-SHA1%26oauth_timestamp%3D1460684974%26oauth_token%3D711680708222128128-XRUg8vuqnjklE4RnqGXCFyJ6WZnG4Sx%26oauth_version%3D1.0
2016-04-15 01:49:34,702 - oauthlib.oauth1.rfc5849 - DEBUG - Signature: +zVZOqRfHt4S4ZK9KtGr7/NTI00=
2016-04-15 01:49:34,702 - requests_oauthlib.oauth1_auth - DEBUG - Updated url: https://stream.twitter.com/1.1/statuses/filter.json?delimited=length
2016-04-15 01:49:34,702 - requests_oauthlib.oauth1_auth - DEBUG - Updated headers: {u'Content-Length': u'11', u'Content-Type': u'application/x-www-form-urlencoded', u'Authorization': u'OAuth oauth_nonce="110884245840663283891460684974", oauth_timestamp="1460684974", oauth_version="1.0", oauth_signature_method="HMAC-SHA1", oauth_consumer_key="0IqUcNNGuKaY59epn9E3jhinY", oauth_token="711680708222128128-XRUg8vuqnjklE4RnqGXCFyJ6WZnG4Sx", oauth_signature="%2BzVZOqRfHt4S4ZK9KtGr7%2FNTI00%3D"'}
2016-04-15 01:49:34,702 - requests_oauthlib.oauth1_auth - DEBUG - Updated body: u'language=en'
2016-04-15 01:49:34,703 - requests.packages.urllib3.connectionpool - INFO - Starting new HTTPS connection (6): stream.twitter.com
2016-04-15 01:49:34,873 - requests.packages.urllib3.connectionpool - DEBUG - "POST /1.1/statuses/filter.json?delimited=length HTTP/1.1" 406 83
2016-04-15 01:54:54,974 - requests_oauthlib.oauth1_auth - DEBUG - Signing request <PreparedRequest [POST]> using client <Client nonce=None, signature_method=HMAC-SHA1, realm=None, encoding=utf-8, timestamp=None, resource_owner_secret=****, decoding=None, verifier=None, signature_type=AUTH_HEADER, rsa_key=None, resource_owner_key=711680708222128128-XRUg8vuqnjklE4RnqGXCFyJ6WZnG4Sx, client_secret=****, callback_uri=None, client_key=0IqUcNNGuKaY59epn9E3jhinY>
2016-04-15 01:54:54,974 - requests_oauthlib.oauth1_auth - DEBUG - Including body in call to sign: True
2016-04-15 01:54:54,975 - oauthlib.oauth1.rfc5849 - DEBUG - Collected params: [(u'delimited', u'length'), (u'oauth_nonce', u'47801033811488588321460685294'), (u'oauth_timestamp', u'1460685294'), (u'oauth_consumer_key', u'0IqUcNNGuKaY59epn9E3jhinY'), (u'oauth_signature_method', u'HMAC-SHA1'), (u'oauth_version', u'1.0'), (u'oauth_token', u'711680708222128128-XRUg8vuqnjklE4RnqGXCFyJ6WZnG4Sx'), (u'language', u'en')]
2016-04-15 01:54:54,975 - oauthlib.oauth1.rfc5849 - DEBUG - Normalized params: delimited=length&language=en&oauth_consumer_key=0IqUcNNGuKaY59epn9E3jhinY&oauth_nonce=47801033811488588321460685294&oauth_signature_method=HMAC-SHA1&oauth_timestamp=1460685294&oauth_token=711680708222128128-XRUg8vuqnjklE4RnqGXCFyJ6WZnG4Sx&oauth_version=1.0
2016-04-15 01:54:54,975 - oauthlib.oauth1.rfc5849 - DEBUG - Normalized URI: https://stream.twitter.com/1.1/statuses/filter.json
2016-04-15 01:54:54,975 - oauthlib.oauth1.rfc5849 - DEBUG - Base signing string: POST&https%3A%2F%2Fstream.twitter.com%2F1.1%2Fstatuses%2Ffilter.json&delimited%3Dlength%26language%3Den%26oauth_consumer_key%3D0IqUcNNGuKaY59epn9E3jhinY%26oauth_nonce%3D47801033811488588321460685294%26oauth_signature_method%3DHMAC-SHA1%26oauth_timestamp%3D1460685294%26oauth_token%3D711680708222128128-XRUg8vuqnjklE4RnqGXCFyJ6WZnG4Sx%26oauth_version%3D1.0
2016-04-15 01:54:54,975 - oauthlib.oauth1.rfc5849 - DEBUG - Signature: Ub48w3TP9536+jvKZ7O6PBVxD2s=
2016-04-15 01:54:54,976 - requests_oauthlib.oauth1_auth - DEBUG - Updated url: https://stream.twitter.com/1.1/statuses/filter.json?delimited=length
2016-04-15 01:54:54,976 - requests_oauthlib.oauth1_auth - DEBUG - Updated headers: {u'Content-Length': u'11', u'Content-Type': u'application/x-www-form-urlencoded', u'Authorization': u'OAuth oauth_nonce="47801033811488588321460685294", oauth_timestamp="1460685294", oauth_version="1.0", oauth_signature_method="HMAC-SHA1", oauth_consumer_key="0IqUcNNGuKaY59epn9E3jhinY", oauth_token="711680708222128128-XRUg8vuqnjklE4RnqGXCFyJ6WZnG4Sx", oauth_signature="Ub48w3TP9536%2BjvKZ7O6PBVxD2s%3D"'}
2016-04-15 01:54:54,976 - requests_oauthlib.oauth1_auth - DEBUG - Updated body: u'language=en'
2016-04-15 01:54:54,976 - requests.packages.urllib3.connectionpool - INFO - Starting new HTTPS connection (7): stream.twitter.com
2016-04-15 01:54:55,072 - requests.packages.urllib3.connectionpool - DEBUG - "POST /1.1/statuses/filter.json?delimited=length HTTP/1.1" 406 83
2016-04-15 02:00:15,172 - requests_oauthlib.oauth1_auth - DEBUG - Signing request <PreparedRequest [POST]> using client <Client nonce=None, signature_method=HMAC-SHA1, realm=None, encoding=utf-8, timestamp=None, resource_owner_secret=****, decoding=None, verifier=None, signature_type=AUTH_HEADER, rsa_key=None, resource_owner_key=711680708222128128-XRUg8vuqnjklE4RnqGXCFyJ6WZnG4Sx, client_secret=****, callback_uri=None, client_key=0IqUcNNGuKaY59epn9E3jhinY>
2016-04-15 02:00:15,173 - requests_oauthlib.oauth1_auth - DEBUG - Including body in call to sign: True
2016-04-15 02:00:15,173 - oauthlib.oauth1.rfc5849 - DEBUG - Collected params: [(u'delimited', u'length'), (u'oauth_nonce', u'58023845818985945381460685615'), (u'oauth_timestamp', u'1460685615'), (u'oauth_consumer_key', u'0IqUcNNGuKaY59epn9E3jhinY'), (u'oauth_signature_method', u'HMAC-SHA1'), (u'oauth_version', u'1.0'), (u'oauth_token', u'711680708222128128-XRUg8vuqnjklE4RnqGXCFyJ6WZnG4Sx'), (u'language', u'en')]
2016-04-15 02:00:15,174 - oauthlib.oauth1.rfc5849 - DEBUG - Normalized params: delimited=length&language=en&oauth_consumer_key=0IqUcNNGuKaY59epn9E3jhinY&oauth_nonce=58023845818985945381460685615&oauth_signature_method=HMAC-SHA1&oauth_timestamp=1460685615&oauth_token=711680708222128128-XRUg8vuqnjklE4RnqGXCFyJ6WZnG4Sx&oauth_version=1.0
2016-04-15 02:00:15,174 - oauthlib.oauth1.rfc5849 - DEBUG - Normalized URI: https://stream.twitter.com/1.1/statuses/filter.json
2016-04-15 02:00:15,174 - oauthlib.oauth1.rfc5849 - DEBUG - Base signing string: POST&https%3A%2F%2Fstream.twitter.com%2F1.1%2Fstatuses%2Ffilter.json&delimited%3Dlength%26language%3Den%26oauth_consumer_key%3D0IqUcNNGuKaY59epn9E3jhinY%26oauth_nonce%3D58023845818985945381460685615%26oauth_signature_method%3DHMAC-SHA1%26oauth_timestamp%3D1460685615%26oauth_token%3D711680708222128128-XRUg8vuqnjklE4RnqGXCFyJ6WZnG4Sx%26oauth_version%3D1.0
2016-04-15 02:00:15,174 - oauthlib.oauth1.rfc5849 - DEBUG - Signature: CU8FCGwFjeyv9fYBXXToLeQ5hPM=
2016-04-15 02:00:15,174 - requests_oauthlib.oauth1_auth - DEBUG - Updated url: https://stream.twitter.com/1.1/statuses/filter.json?delimited=length
2016-04-15 02:00:15,174 - requests_oauthlib.oauth1_auth - DEBUG - Updated headers: {u'Content-Length': u'11', u'Content-Type': u'application/x-www-form-urlencoded', u'Authorization': u'OAuth oauth_nonce="58023845818985945381460685615", oauth_timestamp="1460685615", oauth_version="1.0", oauth_signature_method="HMAC-SHA1", oauth_consumer_key="0IqUcNNGuKaY59epn9E3jhinY", oauth_token="711680708222128128-XRUg8vuqnjklE4RnqGXCFyJ6WZnG4Sx", oauth_signature="CU8FCGwFjeyv9fYBXXToLeQ5hPM%3D"'}
2016-04-15 02:00:15,175 - requests_oauthlib.oauth1_auth - DEBUG - Updated body: u'language=en'
2016-04-15 02:00:15,175 - requests.packages.urllib3.connectionpool - INFO - Starting new HTTPS connection (8): stream.twitter.com
2016-04-15 02:00:15,361 - requests.packages.urllib3.connectionpool - DEBUG - "POST /1.1/statuses/filter.json?delimited=length HTTP/1.1" 406 83
2016-04-15 02:05:35,463 - requests_oauthlib.oauth1_auth - DEBUG - Signing request <PreparedRequest [POST]> using client <Client nonce=None, signature_method=HMAC-SHA1, realm=None, encoding=utf-8, timestamp=None, resource_owner_secret=****, decoding=None, verifier=None, signature_type=AUTH_HEADER, rsa_key=None, resource_owner_key=711680708222128128-XRUg8vuqnjklE4RnqGXCFyJ6WZnG4Sx, client_secret=****, callback_uri=None, client_key=0IqUcNNGuKaY59epn9E3jhinY>
2016-04-15 02:05:35,463 - requests_oauthlib.oauth1_auth - DEBUG - Including body in call to sign: True
2016-04-15 02:05:35,464 - oauthlib.oauth1.rfc5849 - DEBUG - Collected params: [(u'delimited', u'length'), (u'oauth_nonce', u'172789171925714638741460685935'), (u'oauth_timestamp', u'1460685935'), (u'oauth_consumer_key', u'0IqUcNNGuKaY59epn9E3jhinY'), (u'oauth_signature_method', u'HMAC-SHA1'), (u'oauth_version', u'1.0'), (u'oauth_token', u'711680708222128128-XRUg8vuqnjklE4RnqGXCFyJ6WZnG4Sx'), (u'language', u'en')]
2016-04-15 02:05:35,464 - oauthlib.oauth1.rfc5849 - DEBUG - Normalized params: delimited=length&language=en&oauth_consumer_key=0IqUcNNGuKaY59epn9E3jhinY&oauth_nonce=172789171925714638741460685935&oauth_signature_method=HMAC-SHA1&oauth_timestamp=1460685935&oauth_token=711680708222128128-XRUg8vuqnjklE4RnqGXCFyJ6WZnG4Sx&oauth_version=1.0
2016-04-15 02:05:35,464 - oauthlib.oauth1.rfc5849 - DEBUG - Normalized URI: https://stream.twitter.com/1.1/statuses/filter.json
2016-04-15 02:05:35,464 - oauthlib.oauth1.rfc5849 - DEBUG - Base signing string: POST&https%3A%2F%2Fstream.twitter.com%2F1.1%2Fstatuses%2Ffilter.json&delimited%3Dlength%26language%3Den%26oauth_consumer_key%3D0IqUcNNGuKaY59epn9E3jhinY%26oauth_nonce%3D172789171925714638741460685935%26oauth_signature_method%3DHMAC-SHA1%26oauth_timestamp%3D1460685935%26oauth_token%3D711680708222128128-XRUg8vuqnjklE4RnqGXCFyJ6WZnG4Sx%26oauth_version%3D1.0
2016-04-15 02:05:35,465 - oauthlib.oauth1.rfc5849 - DEBUG - Signature: TfPMGwbRyAYlrRbMkUfzxU1cZV0=
2016-04-15 02:05:35,465 - requests_oauthlib.oauth1_auth - DEBUG - Updated url: https://stream.twitter.com/1.1/statuses/filter.json?delimited=length
2016-04-15 02:05:35,465 - requests_oauthlib.oauth1_auth - DEBUG - Updated headers: {u'Content-Length': u'11', u'Content-Type': u'application/x-www-form-urlencoded', u'Authorization': u'OAuth oauth_nonce="172789171925714638741460685935", oauth_timestamp="1460685935", oauth_version="1.0", oauth_signature_method="HMAC-SHA1", oauth_consumer_key="0IqUcNNGuKaY59epn9E3jhinY", oauth_token="711680708222128128-XRUg8vuqnjklE4RnqGXCFyJ6WZnG4Sx", oauth_signature="TfPMGwbRyAYlrRbMkUfzxU1cZV0%3D"'}
2016-04-15 02:05:35,465 - requests_oauthlib.oauth1_auth - DEBUG - Updated body: u'language=en'
2016-04-15 02:05:35,465 - requests.packages.urllib3.connectionpool - INFO - Starting new HTTPS connection (9): stream.twitter.com
2016-04-15 02:05:35,623 - requests.packages.urllib3.connectionpool - DEBUG - "POST /1.1/statuses/filter.json?delimited=length HTTP/1.1" 406 83
2016-04-15 02:10:55,721 - requests_oauthlib.oauth1_auth - DEBUG - Signing request <PreparedRequest [POST]> using client <Client nonce=None, signature_method=HMAC-SHA1, realm=None, encoding=utf-8, timestamp=None, resource_owner_secret=****, decoding=None, verifier=None, signature_type=AUTH_HEADER, rsa_key=None, resource_owner_key=711680708222128128-XRUg8vuqnjklE4RnqGXCFyJ6WZnG4Sx, client_secret=****, callback_uri=None, client_key=0IqUcNNGuKaY59epn9E3jhinY>
2016-04-15 02:10:55,722 - requests_oauthlib.oauth1_auth - DEBUG - Including body in call to sign: True
2016-04-15 02:10:55,722 - oauthlib.oauth1.rfc5849 - DEBUG - Collected params: [(u'delimited', u'length'), (u'oauth_nonce', u'15468699803942314091460686255'), (u'oauth_timestamp', u'1460686255'), (u'oauth_consumer_key', u'0IqUcNNGuKaY59epn9E3jhinY'), (u'oauth_signature_method', u'HMAC-SHA1'), (u'oauth_version', u'1.0'), (u'oauth_token', u'711680708222128128-XRUg8vuqnjklE4RnqGXCFyJ6WZnG4Sx'), (u'language', u'en')]
2016-04-15 02:10:55,723 - oauthlib.oauth1.rfc5849 - DEBUG - Normalized params: delimited=length&language=en&oauth_consumer_key=0IqUcNNGuKaY59epn9E3jhinY&oauth_nonce=15468699803942314091460686255&oauth_signature_method=HMAC-SHA1&oauth_timestamp=1460686255&oauth_token=711680708222128128-XRUg8vuqnjklE4RnqGXCFyJ6WZnG4Sx&oauth_version=1.0
2016-04-15 02:10:55,723 - oauthlib.oauth1.rfc5849 - DEBUG - Normalized URI: https://stream.twitter.com/1.1/statuses/filter.json
2016-04-15 02:10:55,723 - oauthlib.oauth1.rfc5849 - DEBUG - Base signing string: POST&https%3A%2F%2Fstream.twitter.com%2F1.1%2Fstatuses%2Ffilter.json&delimited%3Dlength%26language%3Den%26oauth_consumer_key%3D0IqUcNNGuKaY59epn9E3jhinY%26oauth_nonce%3D15468699803942314091460686255%26oauth_signature_method%3DHMAC-SHA1%26oauth_timestamp%3D1460686255%26oauth_token%3D711680708222128128-XRUg8vuqnjklE4RnqGXCFyJ6WZnG4Sx%26oauth_version%3D1.0
2016-04-15 02:10:55,723 - oauthlib.oauth1.rfc5849 - DEBUG - Signature: 5eY34LZDtFAVDBhpK5lyrNULZds=
2016-04-15 02:10:55,723 - requests_oauthlib.oauth1_auth - DEBUG - Updated url: https://stream.twitter.com/1.1/statuses/filter.json?delimited=length
2016-04-15 02:10:55,723 - requests_oauthlib.oauth1_auth - DEBUG - Updated headers: {u'Content-Length': u'11', u'Content-Type': u'application/x-www-form-urlencoded', u'Authorization': u'OAuth oauth_nonce="15468699803942314091460686255", oauth_timestamp="1460686255", oauth_version="1.0", oauth_signature_method="HMAC-SHA1", oauth_consumer_key="0IqUcNNGuKaY59epn9E3jhinY", oauth_token="711680708222128128-XRUg8vuqnjklE4RnqGXCFyJ6WZnG4Sx", oauth_signature="5eY34LZDtFAVDBhpK5lyrNULZds%3D"'}
2016-04-15 02:10:55,724 - requests_oauthlib.oauth1_auth - DEBUG - Updated body: u'language=en'
2016-04-15 02:10:55,724 - requests.packages.urllib3.connectionpool - INFO - Starting new HTTPS connection (10): stream.twitter.com
2016-04-15 02:10:55,928 - requests.packages.urllib3.connectionpool - DEBUG - "POST /1.1/statuses/filter.json?delimited=length HTTP/1.1" 406 83
2016-04-15 02:16:16,025 - requests_oauthlib.oauth1_auth - DEBUG - Signing request <PreparedRequest [POST]> using client <Client nonce=None, signature_method=HMAC-SHA1, realm=None, encoding=utf-8, timestamp=None, resource_owner_secret=****, decoding=None, verifier=None, signature_type=AUTH_HEADER, rsa_key=None, resource_owner_key=711680708222128128-XRUg8vuqnjklE4RnqGXCFyJ6WZnG4Sx, client_secret=****, callback_uri=None, client_key=0IqUcNNGuKaY59epn9E3jhinY>
2016-04-15 02:16:16,025 - requests_oauthlib.oauth1_auth - DEBUG - Including body in call to sign: True
2016-04-15 02:16:16,026 - oauthlib.oauth1.rfc5849 - DEBUG - Collected params: [(u'delimited', u'length'), (u'oauth_nonce', u'170750785894697619201460686576'), (u'oauth_timestamp', u'1460686576'), (u'oauth_consumer_key', u'0IqUcNNGuKaY59epn9E3jhinY'), (u'oauth_signature_method', u'HMAC-SHA1'), (u'oauth_version', u'1.0'), (u'oauth_token', u'711680708222128128-XRUg8vuqnjklE4RnqGXCFyJ6WZnG4Sx'), (u'language', u'en')]
2016-04-15 02:16:16,026 - oauthlib.oauth1.rfc5849 - DEBUG - Normalized params: delimited=length&language=en&oauth_consumer_key=0IqUcNNGuKaY59epn9E3jhinY&oauth_nonce=170750785894697619201460686576&oauth_signature_method=HMAC-SHA1&oauth_timestamp=1460686576&oauth_token=711680708222128128-XRUg8vuqnjklE4RnqGXCFyJ6WZnG4Sx&oauth_version=1.0
2016-04-15 02:16:16,026 - oauthlib.oauth1.rfc5849 - DEBUG - Normalized URI: https://stream.twitter.com/1.1/statuses/filter.json
2016-04-15 02:16:16,027 - oauthlib.oauth1.rfc5849 - DEBUG - Base signing string: POST&https%3A%2F%2Fstream.twitter.com%2F1.1%2Fstatuses%2Ffilter.json&delimited%3Dlength%26language%3Den%26oauth_consumer_key%3D0IqUcNNGuKaY59epn9E3jhinY%26oauth_nonce%3D170750785894697619201460686576%26oauth_signature_method%3DHMAC-SHA1%26oauth_timestamp%3D1460686576%26oauth_token%3D711680708222128128-XRUg8vuqnjklE4RnqGXCFyJ6WZnG4Sx%26oauth_version%3D1.0
2016-04-15 02:16:16,027 - oauthlib.oauth1.rfc5849 - DEBUG - Signature: MCDCzcDjKk38Hz3/+rQKqiLjngo=
2016-04-15 02:16:16,027 - requests_oauthlib.oauth1_auth - DEBUG - Updated url: https://stream.twitter.com/1.1/statuses/filter.json?delimited=length
2016-04-15 02:16:16,027 - requests_oauthlib.oauth1_auth - DEBUG - Updated headers: {u'Content-Length': u'11', u'Content-Type': u'application/x-www-form-urlencoded', u'Authorization': u'OAuth oauth_nonce="170750785894697619201460686576", oauth_timestamp="1460686576", oauth_version="1.0", oauth_signature_method="HMAC-SHA1", oauth_consumer_key="0IqUcNNGuKaY59epn9E3jhinY", oauth_token="711680708222128128-XRUg8vuqnjklE4RnqGXCFyJ6WZnG4Sx", oauth_signature="MCDCzcDjKk38Hz3%2F%2BrQKqiLjngo%3D"'}
2016-04-15 02:16:16,027 - requests_oauthlib.oauth1_auth - DEBUG - Updated body: u'language=en'
2016-04-15 02:16:16,028 - requests.packages.urllib3.connectionpool - INFO - Starting new HTTPS connection (11): stream.twitter.com
2016-04-15 02:16:16,172 - requests.packages.urllib3.connectionpool - DEBUG - "POST /1.1/statuses/filter.json?delimited=length HTTP/1.1" 406 83
