2016-04-15 01:37:03,210 - requests_oauthlib.oauth1_auth - DEBUG - Signing request <PreparedRequest [POST]> using client <Client nonce=None, signature_method=HMAC-SHA1, realm=None, encoding=utf-8, timestamp=None, resource_owner_secret=****, decoding=None, verifier=None, signature_type=AUTH_HEADER, rsa_key=None, resource_owner_key=711680708222128128-XRUg8vuqnjklE4RnqGXCFyJ6WZnG4Sx, client_secret=****, callback_uri=None, client_key=0IqUcNNGuKaY59epn9E3jhinY>
2016-04-15 01:37:03,211 - requests_oauthlib.oauth1_auth - DEBUG - Including body in call to sign: True
2016-04-15 01:37:03,212 - oauthlib.oauth1.rfc5849 - DEBUG - Collected params: [(u'delimited', u'length'), (u'oauth_nonce', u'68701512611001216361460684223'), (u'oauth_timestamp', u'1460684223'), (u'oauth_consumer_key', u'0IqUcNNGuKaY59epn9E3jhinY'), (u'oauth_signature_method', u'HMAC-SHA1'), (u'oauth_version', u'1.0'), (u'oauth_token', u'711680708222128128-XRUg8vuqnjklE4RnqGXCFyJ6WZnG4Sx'), (u'language', u'en')]
2016-04-15 01:37:03,213 - oauthlib.oauth1.rfc5849 - DEBUG - Normalized params: delimited=length&language=en&oauth_consumer_key=0IqUcNNGuKaY59epn9E3jhinY&oauth_nonce=68701512611001216361460684223&oauth_signature_method=HMAC-SHA1&oauth_timestamp=1460684223&oauth_token=711680708222128128-XRUg8vuqnjklE4RnqGXCFyJ6WZnG4Sx&oauth_version=1.0
2016-04-15 01:37:03,213 - oauthlib.oauth1.rfc5849 - DEBUG - Normalized URI: https://stream.twitter.com/1.1/statuses/filter.json
2016-04-15 01:37:03,213 - oauthlib.oauth1.rfc5849 - DEBUG - Base signing string: POST&https%3A%2F%2Fstream.twitter.com%2F1.1%2Fstatuses%2Ffilter.json&delimited%3Dlength%26language%3Den%26oauth_consumer_key%3D0IqUcNNGuKaY59epn9E3jhinY%26oauth_nonce%3D68701512611001216361460684223%26oauth_signature_method%3DHMAC-SHA1%26oauth_timestamp%3D1460684223%26oauth_token%3D711680708222128128-XRUg8vuqnjklE4RnqGXCFyJ6WZnG4Sx%26oauth_version%3D1.0
2016-04-15 01:37:03,214 - oauthlib.oauth1.rfc5849 - DEBUG - Signature: Ky7fid97u95bItSE7jREVRIY7Kg=
2016-04-15 01:37:03,214 - requests_oauthlib.oauth1_auth - DEBUG - Updated url: https://stream.twitter.com/1.1/statuses/filter.json?delimited=length
2016-04-15 01:37:03,214 - requests_oauthlib.oauth1_auth - DEBUG - Updated headers: {u'Content-Length': u'11', u'Content-Type': u'application/x-www-form-urlencoded', u'Authorization': u'OAuth oauth_nonce="68701512611001216361460684223", oauth_timestamp="1460684223", oauth_version="1.0", oauth_signature_method="HMAC-SHA1", oauth_consumer_key="0IqUcNNGuKaY59epn9E3jhinY", oauth_token="711680708222128128-XRUg8vuqnjklE4RnqGXCFyJ6WZnG4Sx", oauth_signature="Ky7fid97u95bItSE7jREVRIY7Kg%3D"'}
2016-04-15 01:37:03,214 - requests_oauthlib.oauth1_auth - DEBUG - Updated body: u'language=en'
2016-04-15 01:37:03,216 - requests.packages.urllib3.connectionpool - INFO - Starting new HTTPS connection (1): stream.twitter.com
2016-04-15 01:37:03,467 - requests.packages.urllib3.connectionpool - DEBUG - "POST /1.1/statuses/filter.json?delimited=length HTTP/1.1" 406 83
2016-04-15 01:37:08,473 - requests_oauthlib.oauth1_auth - DEBUG - Signing request <PreparedRequest [POST]> using client <Client nonce=None, signature_method=HMAC-SHA1, realm=None, encoding=utf-8, timestamp=None, resource_owner_secret=****, decoding=None, verifier=None, signature_type=AUTH_HEADER, rsa_key=None, resource_owner_key=711680708222128128-XRUg8vuqnjklE4RnqGXCFyJ6WZnG4Sx, client_secret=****, callback_uri=None, client_key=0IqUcNNGuKaY59epn9E3jhinY>
2016-04-15 01:37:08,474 - requests_oauthlib.oauth1_auth - DEBUG - Including body in call to sign: True
2016-04-15 01:37:08,475 - oauthlib.oauth1.rfc5849 - DEBUG - Collected params: [(u'delimited', u'length'), (u'oauth_nonce', u'76838705309128322851460684228'), (u'oauth_timestamp', u'1460684228'), (u'oauth_consumer_key', u'0IqUcNNGuKaY59epn9E3jhinY'), (u'oauth_signature_method', u'HMAC-SHA1'), (u'oauth_version', u'1.0'), (u'oauth_token', u'711680708222128128-XRUg8vuqnjklE4RnqGXCFyJ6WZnG4Sx'), (u'language', u'en')]
2016-04-15 01:37:08,476 - oauthlib.oauth1.rfc5849 - DEBUG - Normalized params: delimited=length&language=en&oauth_consumer_key=0IqUcNNGuKaY59epn9E3jhinY&oauth_nonce=76838705309128322851460684228&oauth_signature_method=HMAC-SHA1&oauth_timestamp=1460684228&oauth_token=711680708222128128-XRUg8vuqnjklE4RnqGXCFyJ6WZnG4Sx&oauth_version=1.0
2016-04-15 01:37:08,476 - oauthlib.oauth1.rfc5849 - DEBUG - Normalized URI: https://stream.twitter.com/1.1/statuses/filter.json
2016-04-15 01:37:08,476 - oauthlib.oauth1.rfc5849 - DEBUG - Base signing string: POST&https%3A%2F%2Fstream.twitter.com%2F1.1%2Fstatuses%2Ffilter.json&delimited%3Dlength%26language%3Den%26oauth_consumer_key%3D0IqUcNNGuKaY59epn9E3jhinY%26oauth_nonce%3D76838705309128322851460684228%26oauth_signature_method%3DHMAC-SHA1%26oauth_timestamp%3D1460684228%26oauth_token%3D711680708222128128-XRUg8vuqnjklE4RnqGXCFyJ6WZnG4Sx%26oauth_version%3D1.0
2016-04-15 01:37:08,477 - oauthlib.oauth1.rfc5849 - DEBUG - Signature: z/oPzhntqM9SyRrRI755WMBRGUA=
2016-04-15 01:37:08,477 - requests_oauthlib.oauth1_auth - DEBUG - Updated url: https://stream.twitter.com/1.1/statuses/filter.json?delimited=length
2016-04-15 01:37:08,477 - requests_oauthlib.oauth1_auth - DEBUG - Updated headers: {u'Content-Length': u'11', u'Content-Type': u'application/x-www-form-urlencoded', u'Authorization': u'OAuth oauth_nonce="76838705309128322851460684228", oauth_timestamp="1460684228", oauth_version="1.0", oauth_signature_method="HMAC-SHA1", oauth_consumer_key="0IqUcNNGuKaY59epn9E3jhinY", oauth_token="711680708222128128-XRUg8vuqnjklE4RnqGXCFyJ6WZnG4Sx", oauth_signature="z%2FoPzhntqM9SyRrRI755WMBRGUA%3D"'}
2016-04-15 01:37:08,477 - requests_oauthlib.oauth1_auth - DEBUG - Updated body: u'language=en'
2016-04-15 01:37:08,478 - requests.packages.urllib3.connectionpool - INFO - Starting new HTTPS connection (2): stream.twitter.com
2016-04-15 01:37:08,660 - requests.packages.urllib3.connectionpool - DEBUG - "POST /1.1/statuses/filter.json?delimited=length HTTP/1.1" 406 83
2016-04-15 01:37:18,671 - requests_oauthlib.oauth1_auth - DEBUG - Signing request <PreparedRequest [POST]> using client <Client nonce=None, signature_method=HMAC-SHA1, realm=None, encoding=utf-8, timestamp=None, resource_owner_secret=****, decoding=None, verifier=None, signature_type=AUTH_HEADER, rsa_key=None, resource_owner_key=711680708222128128-XRUg8vuqnjklE4RnqGXCFyJ6WZnG4Sx, client_secret=****, callback_uri=None, client_key=0IqUcNNGuKaY59epn9E3jhinY>
2016-04-15 01:37:18,671 - requests_oauthlib.oauth1_auth - DEBUG - Including body in call to sign: True
2016-04-15 01:37:18,671 - oauthlib.oauth1.rfc5849 - DEBUG - Collected params: [(u'delimited', u'length'), (u'oauth_nonce', u'112567781706221191581460684238'), (u'oauth_timestamp', u'1460684238'), (u'oauth_consumer_key', u'0IqUcNNGuKaY59epn9E3jhinY'), (u'oauth_signature_method', u'HMAC-SHA1'), (u'oauth_version', u'1.0'), (u'oauth_token', u'711680708222128128-XRUg8vuqnjklE4RnqGXCFyJ6WZnG4Sx'), (u'language', u'en')]
2016-04-15 01:37:18,672 - oauthlib.oauth1.rfc5849 - DEBUG - Normalized params: delimited=length&language=en&oauth_consumer_key=0IqUcNNGuKaY59epn9E3jhinY&oauth_nonce=112567781706221191581460684238&oauth_signature_method=HMAC-SHA1&oauth_timestamp=1460684238&oauth_token=711680708222128128-XRUg8vuqnjklE4RnqGXCFyJ6WZnG4Sx&oauth_version=1.0
2016-04-15 01:37:18,672 - oauthlib.oauth1.rfc5849 - DEBUG - Normalized URI: https://stream.twitter.com/1.1/statuses/filter.json
2016-04-15 01:37:18,672 - oauthlib.oauth1.rfc5849 - DEBUG - Base signing string: POST&https%3A%2F%2Fstream.twitter.com%2F1.1%2Fstatuses%2Ffilter.json&delimited%3Dlength%26language%3Den%26oauth_consumer_key%3D0IqUcNNGuKaY59epn9E3jhinY%26oauth_nonce%3D112567781706221191581460684238%26oauth_signature_method%3DHMAC-SHA1%26oauth_timestamp%3D1460684238%26oauth_token%3D711680708222128128-XRUg8vuqnjklE4RnqGXCFyJ6WZnG4Sx%26oauth_version%3D1.0
2016-04-15 01:37:18,672 - oauthlib.oauth1.rfc5849 - DEBUG - Signature: x30Z3gy2AH0vtJnG+BPuVcxp4lk=
2016-04-15 01:37:18,672 - requests_oauthlib.oauth1_auth - DEBUG - Updated url: https://stream.twitter.com/1.1/statuses/filter.json?delimited=length
2016-04-15 01:37:18,673 - requests_oauthlib.oauth1_auth - DEBUG - Updated headers: {u'Content-Length': u'11', u'Content-Type': u'application/x-www-form-urlencoded', u'Authorization': u'OAuth oauth_nonce="112567781706221191581460684238", oauth_timestamp="1460684238", oauth_version="1.0", oauth_signature_method="HMAC-SHA1", oauth_consumer_key="0IqUcNNGuKaY59epn9E3jhinY", oauth_token="711680708222128128-XRUg8vuqnjklE4RnqGXCFyJ6WZnG4Sx", oauth_signature="x30Z3gy2AH0vtJnG%2BBPuVcxp4lk%3D"'}
2016-04-15 01:37:18,673 - requests_oauthlib.oauth1_auth - DEBUG - Updated body: u'language=en'
2016-04-15 01:37:18,673 - requests.packages.urllib3.connectionpool - INFO - Starting new HTTPS connection (3): stream.twitter.com
2016-04-15 01:37:23,765 - requests.packages.urllib3.connectionpool - DEBUG - "POST /1.1/statuses/filter.json?delimited=length HTTP/1.1" 420 67
2016-04-15 01:38:23,823 - requests_oauthlib.oauth1_auth - DEBUG - Signing request <PreparedRequest [POST]> using client <Client nonce=None, signature_method=HMAC-SHA1, realm=None, encoding=utf-8, timestamp=None, resource_owner_secret=****, decoding=None, verifier=None, signature_type=AUTH_HEADER, rsa_key=None, resource_owner_key=711680708222128128-XRUg8vuqnjklE4RnqGXCFyJ6WZnG4Sx, client_secret=****, callback_uri=None, client_key=0IqUcNNGuKaY59epn9E3jhinY>
2016-04-15 01:38:23,823 - requests_oauthlib.oauth1_auth - DEBUG - Including body in call to sign: True
2016-04-15 01:38:23,824 - oauthlib.oauth1.rfc5849 - DEBUG - Collected params: [(u'delimited', u'length'), (u'oauth_nonce', u'69002095198234020371460684303'), (u'oauth_timestamp', u'1460684303'), (u'oauth_consumer_key', u'0IqUcNNGuKaY59epn9E3jhinY'), (u'oauth_signature_method', u'HMAC-SHA1'), (u'oauth_version', u'1.0'), (u'oauth_token', u'711680708222128128-XRUg8vuqnjklE4RnqGXCFyJ6WZnG4Sx'), (u'language', u'en')]
2016-04-15 01:38:23,824 - oauthlib.oauth1.rfc5849 - DEBUG - Normalized params: delimited=length&language=en&oauth_consumer_key=0IqUcNNGuKaY59epn9E3jhinY&oauth_nonce=69002095198234020371460684303&oauth_signature_method=HMAC-SHA1&oauth_timestamp=1460684303&oauth_token=711680708222128128-XRUg8vuqnjklE4RnqGXCFyJ6WZnG4Sx&oauth_version=1.0
2016-04-15 01:38:23,824 - oauthlib.oauth1.rfc5849 - DEBUG - Normalized URI: https://stream.twitter.com/1.1/statuses/filter.json
2016-04-15 01:38:23,824 - oauthlib.oauth1.rfc5849 - DEBUG - Base signing string: POST&https%3A%2F%2Fstream.twitter.com%2F1.1%2Fstatuses%2Ffilter.json&delimited%3Dlength%26language%3Den%26oauth_consumer_key%3D0IqUcNNGuKaY59epn9E3jhinY%26oauth_nonce%3D69002095198234020371460684303%26oauth_signature_method%3DHMAC-SHA1%26oauth_timestamp%3D1460684303%26oauth_token%3D711680708222128128-XRUg8vuqnjklE4RnqGXCFyJ6WZnG4Sx%26oauth_version%3D1.0
2016-04-15 01:38:23,824 - oauthlib.oauth1.rfc5849 - DEBUG - Signature: MhGHhlcIXZ3PB59Y4+fjQ0RT7/I=
2016-04-15 01:38:23,825 - requests_oauthlib.oauth1_auth - DEBUG - Updated url: https://stream.twitter.com/1.1/statuses/filter.json?delimited=length
2016-04-15 01:38:23,825 - requests_oauthlib.oauth1_auth - DEBUG - Updated headers: {u'Content-Length': u'11', u'Content-Type': u'application/x-www-form-urlencoded', u'Authorization': u'OAuth oauth_nonce="69002095198234020371460684303", oauth_timestamp="1460684303", oauth_version="1.0", oauth_signature_method="HMAC-SHA1", oauth_consumer_key="0IqUcNNGuKaY59epn9E3jhinY", oauth_token="711680708222128128-XRUg8vuqnjklE4RnqGXCFyJ6WZnG4Sx", oauth_signature="MhGHhlcIXZ3PB59Y4%2BfjQ0RT7%2FI%3D"'}
2016-04-15 01:38:23,825 - requests_oauthlib.oauth1_auth - DEBUG - Updated body: u'language=en'
2016-04-15 01:38:23,825 - requests.packages.urllib3.connectionpool - INFO - Starting new HTTPS connection (4): stream.twitter.com
2016-04-15 01:38:28,978 - requests.packages.urllib3.connectionpool - DEBUG - "POST /1.1/statuses/filter.json?delimited=length HTTP/1.1" 420 67
2016-04-15 01:40:29,080 - requests_oauthlib.oauth1_auth - DEBUG - Signing request <PreparedRequest [POST]> using client <Client nonce=None, signature_method=HMAC-SHA1, realm=None, encoding=utf-8, timestamp=None, resource_owner_secret=****, decoding=None, verifier=None, signature_type=AUTH_HEADER, rsa_key=None, resource_owner_key=711680708222128128-XRUg8vuqnjklE4RnqGXCFyJ6WZnG4Sx, client_secret=****, callback_uri=None, client_key=0IqUcNNGuKaY59epn9E3jhinY>
2016-04-15 01:40:29,080 - requests_oauthlib.oauth1_auth - DEBUG - Including body in call to sign: True
2016-04-15 01:40:29,081 - oauthlib.oauth1.rfc5849 - DEBUG - Collected params: [(u'delimited', u'length'), (u'oauth_nonce', u'84664157591679336771460684429'), (u'oauth_timestamp', u'1460684429'), (u'oauth_consumer_key', u'0IqUcNNGuKaY59epn9E3jhinY'), (u'oauth_signature_method', u'HMAC-SHA1'), (u'oauth_version', u'1.0'), (u'oauth_token', u'711680708222128128-XRUg8vuqnjklE4RnqGXCFyJ6WZnG4Sx'), (u'language', u'en')]
2016-04-15 01:40:29,081 - oauthlib.oauth1.rfc5849 - DEBUG - Normalized params: delimited=length&language=en&oauth_consumer_key=0IqUcNNGuKaY59epn9E3jhinY&oauth_nonce=84664157591679336771460684429&oauth_signature_method=HMAC-SHA1&oauth_timestamp=1460684429&oauth_token=711680708222128128-XRUg8vuqnjklE4RnqGXCFyJ6WZnG4Sx&oauth_version=1.0
2016-04-15 01:40:29,081 - oauthlib.oauth1.rfc5849 - DEBUG - Normalized URI: https://stream.twitter.com/1.1/statuses/filter.json
2016-04-15 01:40:29,081 - oauthlib.oauth1.rfc5849 - DEBUG - Base signing string: POST&https%3A%2F%2Fstream.twitter.com%2F1.1%2Fstatuses%2Ffilter.json&delimited%3Dlength%26language%3Den%26oauth_consumer_key%3D0IqUcNNGuKaY59epn9E3jhinY%26oauth_nonce%3D84664157591679336771460684429%26oauth_signature_method%3DHMAC-SHA1%26oauth_timestamp%3D1460684429%26oauth_token%3D711680708222128128-XRUg8vuqnjklE4RnqGXCFyJ6WZnG4Sx%26oauth_version%3D1.0
2016-04-15 01:40:29,081 - oauthlib.oauth1.rfc5849 - DEBUG - Signature: 7t8FA53zA0X2+YoLW7tXKjWmcyM=
2016-04-15 01:40:29,082 - requests_oauthlib.oauth1_auth - DEBUG - Updated url: https://stream.twitter.com/1.1/statuses/filter.json?delimited=length
2016-04-15 01:40:29,082 - requests_oauthlib.oauth1_auth - DEBUG - Updated headers: {u'Content-Length': u'11', u'Content-Type': u'application/x-www-form-urlencoded', u'Authorization': u'OAuth oauth_nonce="84664157591679336771460684429", oauth_timestamp="1460684429", oauth_version="1.0", oauth_signature_method="HMAC-SHA1", oauth_consumer_key="0IqUcNNGuKaY59epn9E3jhinY", oauth_token="711680708222128128-XRUg8vuqnjklE4RnqGXCFyJ6WZnG4Sx", oauth_signature="7t8FA53zA0X2%2BYoLW7tXKjWmcyM%3D"'}
2016-04-15 01:40:29,082 - requests_oauthlib.oauth1_auth - DEBUG - Updated body: u'language=en'
2016-04-15 01:40:29,082 - requests.packages.urllib3.connectionpool - INFO - Starting new HTTPS connection (5): stream.twitter.com
2016-04-15 01:40:29,285 - requests.packages.urllib3.connectionpool - DEBUG - "POST /1.1/statuses/filter.json?delimited=length HTTP/1.1" 406 83
2016-04-15 01:44:29,387 - requests_oauthlib.oauth1_auth - DEBUG - Signing request <PreparedRequest [POST]> using client <Client nonce=None, signature_method=HMAC-SHA1, realm=None, encoding=utf-8, timestamp=None, resource_owner_secret=****, decoding=None, verifier=None, signature_type=AUTH_HEADER, rsa_key=None, resource_owner_key=711680708222128128-XRUg8vuqnjklE4RnqGXCFyJ6WZnG4Sx, client_secret=****, callback_uri=None, client_key=0IqUcNNGuKaY59epn9E3jhinY>
2016-04-15 01:44:29,388 - requests_oauthlib.oauth1_auth - DEBUG - Including body in call to sign: True
2016-04-15 01:44:29,388 - oauthlib.oauth1.rfc5849 - DEBUG - Collected params: [(u'delimited', u'length'), (u'oauth_nonce', u'149512754028707822211460684669'), (u'oauth_timestamp', u'1460684669'), (u'oauth_consumer_key', u'0IqUcNNGuKaY59epn9E3jhinY'), (u'oauth_signature_method', u'HMAC-SHA1'), (u'oauth_version', u'1.0'), (u'oauth_token', u'711680708222128128-XRUg8vuqnjklE4RnqGXCFyJ6WZnG4Sx'), (u'language', u'en')]
2016-04-15 01:44:29,388 - oauthlib.oauth1.rfc5849 - DEBUG - Normalized params: delimited=length&language=en&oauth_consumer_key=0IqUcNNGuKaY59epn9E3jhinY&oauth_nonce=149512754028707822211460684669&oauth_signature_method=HMAC-SHA1&oauth_timestamp=1460684669&oauth_token=711680708222128128-XRUg8vuqnjklE4RnqGXCFyJ6WZnG4Sx&oauth_version=1.0
2016-04-15 01:44:29,389 - oauthlib.oauth1.rfc5849 - DEBUG - Normalized URI: https://stream.twitter.com/1.1/statuses/filter.json
2016-04-15 01:44:29,389 - oauthlib.oauth1.rfc5849 - DEBUG - Base signing string: POST&https%3A%2F%2Fstream.twitter.com%2F1.1%2Fstatuses%2Ffilter.json&delimited%3Dlength%26language%3Den%26oauth_consumer_key%3D0IqUcNNGuKaY59epn9E3jhinY%26oauth_nonce%3D149512754028707822211460684669%26oauth_signature_method%3DHMAC-SHA1%26oauth_timestamp%3D1460684669%26oauth_token%3D711680708222128128-XRUg8vuqnjklE4RnqGXCFyJ6WZnG4Sx%26oauth_version%3D1.0
2016-04-15 01:44:29,389 - oauthlib.oauth1.rfc5849 - DEBUG - Signature: V575TlDTOeQYM+UWtRyMRvU562g=
2016-04-15 01:44:29,389 - requests_oauthlib.oauth1_auth - DEBUG - Updated url: https://stream.twitter.com/1.1/statuses/filter.json?delimited=length
2016-04-15 01:44:29,389 - requests_oauthlib.oauth1_auth - DEBUG - Updated headers: {u'Content-Length': u'11', u'Content-Type': u'application/x-www-form-urlencoded', u'Authorization': u'OAuth oauth_nonce="149512754028707822211460684669", oauth_timestamp="1460684669", oauth_version="1.0", oauth_signature_method="HMAC-SHA1", oauth_consumer_key="0IqUcNNGuKaY59epn9E3jhinY", oauth_token="711680708222128128-XRUg8vuqnjklE4RnqGXCFyJ6WZnG4Sx", oauth_signature="V575TlDTOeQYM%2BUWtRyMRvU562g%3D"'}
2016-04-15 01:44:29,389 - requests_oauthlib.oauth1_auth - DEBUG - Updated body: u'language=en'
2016-04-15 01:44:29,390 - requests.packages.urllib3.connectionpool - INFO - Starting new HTTPS connection (6): stream.twitter.com
2016-04-15 01:44:29,763 - requests.packages.urllib3.connectionpool - DEBUG - "POST /1.1/statuses/filter.json?delimited=length HTTP/1.1" 406 83
2016-04-15 01:49:49,864 - requests_oauthlib.oauth1_auth - DEBUG - Signing request <PreparedRequest [POST]> using client <Client nonce=None, signature_method=HMAC-SHA1, realm=None, encoding=utf-8, timestamp=None, resource_owner_secret=****, decoding=None, verifier=None, signature_type=AUTH_HEADER, rsa_key=None, resource_owner_key=711680708222128128-XRUg8vuqnjklE4RnqGXCFyJ6WZnG4Sx, client_secret=****, callback_uri=None, client_key=0IqUcNNGuKaY59epn9E3jhinY>
2016-04-15 01:49:49,865 - requests_oauthlib.oauth1_auth - DEBUG - Including body in call to sign: True
2016-04-15 01:49:49,865 - oauthlib.oauth1.rfc5849 - DEBUG - Collected params: [(u'delimited', u'length'), (u'oauth_nonce', u'50101055735436975351460684989'), (u'oauth_timestamp', u'1460684989'), (u'oauth_consumer_key', u'0IqUcNNGuKaY59epn9E3jhinY'), (u'oauth_signature_method', u'HMAC-SHA1'), (u'oauth_version', u'1.0'), (u'oauth_token', u'711680708222128128-XRUg8vuqnjklE4RnqGXCFyJ6WZnG4Sx'), (u'language', u'en')]
2016-04-15 01:49:49,866 - oauthlib.oauth1.rfc5849 - DEBUG - Normalized params: delimited=length&language=en&oauth_consumer_key=0IqUcNNGuKaY59epn9E3jhinY&oauth_nonce=50101055735436975351460684989&oauth_signature_method=HMAC-SHA1&oauth_timestamp=1460684989&oauth_token=711680708222128128-XRUg8vuqnjklE4RnqGXCFyJ6WZnG4Sx&oauth_version=1.0
2016-04-15 01:49:49,866 - oauthlib.oauth1.rfc5849 - DEBUG - Normalized URI: https://stream.twitter.com/1.1/statuses/filter.json
2016-04-15 01:49:49,866 - oauthlib.oauth1.rfc5849 - DEBUG - Base signing string: POST&https%3A%2F%2Fstream.twitter.com%2F1.1%2Fstatuses%2Ffilter.json&delimited%3Dlength%26language%3Den%26oauth_consumer_key%3D0IqUcNNGuKaY59epn9E3jhinY%26oauth_nonce%3D50101055735436975351460684989%26oauth_signature_method%3DHMAC-SHA1%26oauth_timestamp%3D1460684989%26oauth_token%3D711680708222128128-XRUg8vuqnjklE4RnqGXCFyJ6WZnG4Sx%26oauth_version%3D1.0
2016-04-15 01:49:49,866 - oauthlib.oauth1.rfc5849 - DEBUG - Signature: gbJsYvpihpy2BK+jGcKDXqR1Rk8=
2016-04-15 01:49:49,866 - requests_oauthlib.oauth1_auth - DEBUG - Updated url: https://stream.twitter.com/1.1/statuses/filter.json?delimited=length
2016-04-15 01:49:49,866 - requests_oauthlib.oauth1_auth - DEBUG - Updated headers: {u'Content-Length': u'11', u'Content-Type': u'application/x-www-form-urlencoded', u'Authorization': u'OAuth oauth_nonce="50101055735436975351460684989", oauth_timestamp="1460684989", oauth_version="1.0", oauth_signature_method="HMAC-SHA1", oauth_consumer_key="0IqUcNNGuKaY59epn9E3jhinY", oauth_token="711680708222128128-XRUg8vuqnjklE4RnqGXCFyJ6WZnG4Sx", oauth_signature="gbJsYvpihpy2BK%2BjGcKDXqR1Rk8%3D"'}
2016-04-15 01:49:49,867 - requests_oauthlib.oauth1_auth - DEBUG - Updated body: u'language=en'
2016-04-15 01:49:49,867 - requests.packages.urllib3.connectionpool - INFO - Starting new HTTPS connection (7): stream.twitter.com
2016-04-15 01:49:49,989 - requests.packages.urllib3.connectionpool - DEBUG - "POST /1.1/statuses/filter.json?delimited=length HTTP/1.1" 406 83
2016-04-15 01:55:10,089 - requests_oauthlib.oauth1_auth - DEBUG - Signing request <PreparedRequest [POST]> using client <Client nonce=None, signature_method=HMAC-SHA1, realm=None, encoding=utf-8, timestamp=None, resource_owner_secret=****, decoding=None, verifier=None, signature_type=AUTH_HEADER, rsa_key=None, resource_owner_key=711680708222128128-XRUg8vuqnjklE4RnqGXCFyJ6WZnG4Sx, client_secret=****, callback_uri=None, client_key=0IqUcNNGuKaY59epn9E3jhinY>
2016-04-15 01:55:10,089 - requests_oauthlib.oauth1_auth - DEBUG - Including body in call to sign: True
2016-04-15 01:55:10,090 - oauthlib.oauth1.rfc5849 - DEBUG - Collected params: [(u'delimited', u'length'), (u'oauth_nonce', u'84176623995119670271460685310'), (u'oauth_timestamp', u'1460685310'), (u'oauth_consumer_key', u'0IqUcNNGuKaY59epn9E3jhinY'), (u'oauth_signature_method', u'HMAC-SHA1'), (u'oauth_version', u'1.0'), (u'oauth_token', u'711680708222128128-XRUg8vuqnjklE4RnqGXCFyJ6WZnG4Sx'), (u'language', u'en')]
2016-04-15 01:55:10,090 - oauthlib.oauth1.rfc5849 - DEBUG - Normalized params: delimited=length&language=en&oauth_consumer_key=0IqUcNNGuKaY59epn9E3jhinY&oauth_nonce=84176623995119670271460685310&oauth_signature_method=HMAC-SHA1&oauth_timestamp=1460685310&oauth_token=711680708222128128-XRUg8vuqnjklE4RnqGXCFyJ6WZnG4Sx&oauth_version=1.0
2016-04-15 01:55:10,090 - oauthlib.oauth1.rfc5849 - DEBUG - Normalized URI: https://stream.twitter.com/1.1/statuses/filter.json
2016-04-15 01:55:10,090 - oauthlib.oauth1.rfc5849 - DEBUG - Base signing string: POST&https%3A%2F%2Fstream.twitter.com%2F1.1%2Fstatuses%2Ffilter.json&delimited%3Dlength%26language%3Den%26oauth_consumer_key%3D0IqUcNNGuKaY59epn9E3jhinY%26oauth_nonce%3D84176623995119670271460685310%26oauth_signature_method%3DHMAC-SHA1%26oauth_timestamp%3D1460685310%26oauth_token%3D711680708222128128-XRUg8vuqnjklE4RnqGXCFyJ6WZnG4Sx%26oauth_version%3D1.0
2016-04-15 01:55:10,090 - oauthlib.oauth1.rfc5849 - DEBUG - Signature: oFHW2djlSwc0CiZLr9H1OV37kYw=
2016-04-15 01:55:10,091 - requests_oauthlib.oauth1_auth - DEBUG - Updated url: https://stream.twitter.com/1.1/statuses/filter.json?delimited=length
2016-04-15 01:55:10,091 - requests_oauthlib.oauth1_auth - DEBUG - Updated headers: {u'Content-Length': u'11', u'Content-Type': u'application/x-www-form-urlencoded', u'Authorization': u'OAuth oauth_nonce="84176623995119670271460685310", oauth_timestamp="1460685310", oauth_version="1.0", oauth_signature_method="HMAC-SHA1", oauth_consumer_key="0IqUcNNGuKaY59epn9E3jhinY", oauth_token="711680708222128128-XRUg8vuqnjklE4RnqGXCFyJ6WZnG4Sx", oauth_signature="oFHW2djlSwc0CiZLr9H1OV37kYw%3D"'}
2016-04-15 01:55:10,091 - requests_oauthlib.oauth1_auth - DEBUG - Updated body: u'language=en'
2016-04-15 01:55:10,091 - requests.packages.urllib3.connectionpool - INFO - Starting new HTTPS connection (8): stream.twitter.com
2016-04-15 01:55:10,193 - requests.packages.urllib3.connectionpool - DEBUG - "POST /1.1/statuses/filter.json?delimited=length HTTP/1.1" 406 83
2016-04-15 02:00:30,295 - requests_oauthlib.oauth1_auth - DEBUG - Signing request <PreparedRequest [POST]> using client <Client nonce=None, signature_method=HMAC-SHA1, realm=None, encoding=utf-8, timestamp=None, resource_owner_secret=****, decoding=None, verifier=None, signature_type=AUTH_HEADER, rsa_key=None, resource_owner_key=711680708222128128-XRUg8vuqnjklE4RnqGXCFyJ6WZnG4Sx, client_secret=****, callback_uri=None, client_key=0IqUcNNGuKaY59epn9E3jhinY>
2016-04-15 02:00:30,296 - requests_oauthlib.oauth1_auth - DEBUG - Including body in call to sign: True
2016-04-15 02:00:30,296 - oauthlib.oauth1.rfc5849 - DEBUG - Collected params: [(u'delimited', u'length'), (u'oauth_nonce', u'155011119010610051191460685630'), (u'oauth_timestamp', u'1460685630'), (u'oauth_consumer_key', u'0IqUcNNGuKaY59epn9E3jhinY'), (u'oauth_signature_method', u'HMAC-SHA1'), (u'oauth_version', u'1.0'), (u'oauth_token', u'711680708222128128-XRUg8vuqnjklE4RnqGXCFyJ6WZnG4Sx'), (u'language', u'en')]
2016-04-15 02:00:30,297 - oauthlib.oauth1.rfc5849 - DEBUG - Normalized params: delimited=length&language=en&oauth_consumer_key=0IqUcNNGuKaY59epn9E3jhinY&oauth_nonce=155011119010610051191460685630&oauth_signature_method=HMAC-SHA1&oauth_timestamp=1460685630&oauth_token=711680708222128128-XRUg8vuqnjklE4RnqGXCFyJ6WZnG4Sx&oauth_version=1.0
2016-04-15 02:00:30,297 - oauthlib.oauth1.rfc5849 - DEBUG - Normalized URI: https://stream.twitter.com/1.1/statuses/filter.json
2016-04-15 02:00:30,297 - oauthlib.oauth1.rfc5849 - DEBUG - Base signing string: POST&https%3A%2F%2Fstream.twitter.com%2F1.1%2Fstatuses%2Ffilter.json&delimited%3Dlength%26language%3Den%26oauth_consumer_key%3D0IqUcNNGuKaY59epn9E3jhinY%26oauth_nonce%3D155011119010610051191460685630%26oauth_signature_method%3DHMAC-SHA1%26oauth_timestamp%3D1460685630%26oauth_token%3D711680708222128128-XRUg8vuqnjklE4RnqGXCFyJ6WZnG4Sx%26oauth_version%3D1.0
2016-04-15 02:00:30,297 - oauthlib.oauth1.rfc5849 - DEBUG - Signature: zGsu3qLJIcphahsANnYs21seqAw=
2016-04-15 02:00:30,297 - requests_oauthlib.oauth1_auth - DEBUG - Updated url: https://stream.twitter.com/1.1/statuses/filter.json?delimited=length
2016-04-15 02:00:30,297 - requests_oauthlib.oauth1_auth - DEBUG - Updated headers: {u'Content-Length': u'11', u'Content-Type': u'application/x-www-form-urlencoded', u'Authorization': u'OAuth oauth_nonce="155011119010610051191460685630", oauth_timestamp="1460685630", oauth_version="1.0", oauth_signature_method="HMAC-SHA1", oauth_consumer_key="0IqUcNNGuKaY59epn9E3jhinY", oauth_token="711680708222128128-XRUg8vuqnjklE4RnqGXCFyJ6WZnG4Sx", oauth_signature="zGsu3qLJIcphahsANnYs21seqAw%3D"'}
2016-04-15 02:00:30,297 - requests_oauthlib.oauth1_auth - DEBUG - Updated body: u'language=en'
2016-04-15 02:00:30,298 - requests.packages.urllib3.connectionpool - INFO - Starting new HTTPS connection (9): stream.twitter.com
2016-04-15 02:00:30,420 - requests.packages.urllib3.connectionpool - DEBUG - "POST /1.1/statuses/filter.json?delimited=length HTTP/1.1" 406 83
2016-04-15 02:05:50,517 - requests_oauthlib.oauth1_auth - DEBUG - Signing request <PreparedRequest [POST]> using client <Client nonce=None, signature_method=HMAC-SHA1, realm=None, encoding=utf-8, timestamp=None, resource_owner_secret=****, decoding=None, verifier=None, signature_type=AUTH_HEADER, rsa_key=None, resource_owner_key=711680708222128128-XRUg8vuqnjklE4RnqGXCFyJ6WZnG4Sx, client_secret=****, callback_uri=None, client_key=0IqUcNNGuKaY59epn9E3jhinY>
2016-04-15 02:05:50,518 - requests_oauthlib.oauth1_auth - DEBUG - Including body in call to sign: True
2016-04-15 02:05:50,518 - oauthlib.oauth1.rfc5849 - DEBUG - Collected params: [(u'delimited', u'length'), (u'oauth_nonce', u'68283047192093384011460685950'), (u'oauth_timestamp', u'1460685950'), (u'oauth_consumer_key', u'0IqUcNNGuKaY59epn9E3jhinY'), (u'oauth_signature_method', u'HMAC-SHA1'), (u'oauth_version', u'1.0'), (u'oauth_token', u'711680708222128128-XRUg8vuqnjklE4RnqGXCFyJ6WZnG4Sx'), (u'language', u'en')]
2016-04-15 02:05:50,518 - oauthlib.oauth1.rfc5849 - DEBUG - Normalized params: delimited=length&language=en&oauth_consumer_key=0IqUcNNGuKaY59epn9E3jhinY&oauth_nonce=68283047192093384011460685950&oauth_signature_method=HMAC-SHA1&oauth_timestamp=1460685950&oauth_token=711680708222128128-XRUg8vuqnjklE4RnqGXCFyJ6WZnG4Sx&oauth_version=1.0
2016-04-15 02:05:50,519 - oauthlib.oauth1.rfc5849 - DEBUG - Normalized URI: https://stream.twitter.com/1.1/statuses/filter.json
2016-04-15 02:05:50,519 - oauthlib.oauth1.rfc5849 - DEBUG - Base signing string: POST&https%3A%2F%2Fstream.twitter.com%2F1.1%2Fstatuses%2Ffilter.json&delimited%3Dlength%26language%3Den%26oauth_consumer_key%3D0IqUcNNGuKaY59epn9E3jhinY%26oauth_nonce%3D68283047192093384011460685950%26oauth_signature_method%3DHMAC-SHA1%26oauth_timestamp%3D1460685950%26oauth_token%3D711680708222128128-XRUg8vuqnjklE4RnqGXCFyJ6WZnG4Sx%26oauth_version%3D1.0
2016-04-15 02:05:50,519 - oauthlib.oauth1.rfc5849 - DEBUG - Signature: UuNWCQRu8rLjTrbQTsVJq534M2E=
2016-04-15 02:05:50,519 - requests_oauthlib.oauth1_auth - DEBUG - Updated url: https://stream.twitter.com/1.1/statuses/filter.json?delimited=length
2016-04-15 02:05:50,519 - requests_oauthlib.oauth1_auth - DEBUG - Updated headers: {u'Content-Length': u'11', u'Content-Type': u'application/x-www-form-urlencoded', u'Authorization': u'OAuth oauth_nonce="68283047192093384011460685950", oauth_timestamp="1460685950", oauth_version="1.0", oauth_signature_method="HMAC-SHA1", oauth_consumer_key="0IqUcNNGuKaY59epn9E3jhinY", oauth_token="711680708222128128-XRUg8vuqnjklE4RnqGXCFyJ6WZnG4Sx", oauth_signature="UuNWCQRu8rLjTrbQTsVJq534M2E%3D"'}
2016-04-15 02:05:50,519 - requests_oauthlib.oauth1_auth - DEBUG - Updated body: u'language=en'
2016-04-15 02:05:50,520 - requests.packages.urllib3.connectionpool - INFO - Starting new HTTPS connection (10): stream.twitter.com
2016-04-15 02:05:50,623 - requests.packages.urllib3.connectionpool - DEBUG - "POST /1.1/statuses/filter.json?delimited=length HTTP/1.1" 406 83
2016-04-15 02:11:10,724 - requests_oauthlib.oauth1_auth - DEBUG - Signing request <PreparedRequest [POST]> using client <Client nonce=None, signature_method=HMAC-SHA1, realm=None, encoding=utf-8, timestamp=None, resource_owner_secret=****, decoding=None, verifier=None, signature_type=AUTH_HEADER, rsa_key=None, resource_owner_key=711680708222128128-XRUg8vuqnjklE4RnqGXCFyJ6WZnG4Sx, client_secret=****, callback_uri=None, client_key=0IqUcNNGuKaY59epn9E3jhinY>
2016-04-15 02:11:10,724 - requests_oauthlib.oauth1_auth - DEBUG - Including body in call to sign: True
2016-04-15 02:11:10,725 - oauthlib.oauth1.rfc5849 - DEBUG - Collected params: [(u'delimited', u'length'), (u'oauth_nonce', u'125218037205008651041460686270'), (u'oauth_timestamp', u'1460686270'), (u'oauth_consumer_key', u'0IqUcNNGuKaY59epn9E3jhinY'), (u'oauth_signature_method', u'HMAC-SHA1'), (u'oauth_version', u'1.0'), (u'oauth_token', u'711680708222128128-XRUg8vuqnjklE4RnqGXCFyJ6WZnG4Sx'), (u'language', u'en')]
2016-04-15 02:11:10,725 - oauthlib.oauth1.rfc5849 - DEBUG - Normalized params: delimited=length&language=en&oauth_consumer_key=0IqUcNNGuKaY59epn9E3jhinY&oauth_nonce=125218037205008651041460686270&oauth_signature_method=HMAC-SHA1&oauth_timestamp=1460686270&oauth_token=711680708222128128-XRUg8vuqnjklE4RnqGXCFyJ6WZnG4Sx&oauth_version=1.0
2016-04-15 02:11:10,725 - oauthlib.oauth1.rfc5849 - DEBUG - Normalized URI: https://stream.twitter.com/1.1/statuses/filter.json
2016-04-15 02:11:10,725 - oauthlib.oauth1.rfc5849 - DEBUG - Base signing string: POST&https%3A%2F%2Fstream.twitter.com%2F1.1%2Fstatuses%2Ffilter.json&delimited%3Dlength%26language%3Den%26oauth_consumer_key%3D0IqUcNNGuKaY59epn9E3jhinY%26oauth_nonce%3D125218037205008651041460686270%26oauth_signature_method%3DHMAC-SHA1%26oauth_timestamp%3D1460686270%26oauth_token%3D711680708222128128-XRUg8vuqnjklE4RnqGXCFyJ6WZnG4Sx%26oauth_version%3D1.0
2016-04-15 02:11:10,725 - oauthlib.oauth1.rfc5849 - DEBUG - Signature: Petg81eNNO75vncx9N9DC/DkzLg=
2016-04-15 02:11:10,726 - requests_oauthlib.oauth1_auth - DEBUG - Updated url: https://stream.twitter.com/1.1/statuses/filter.json?delimited=length
2016-04-15 02:11:10,726 - requests_oauthlib.oauth1_auth - DEBUG - Updated headers: {u'Content-Length': u'11', u'Content-Type': u'application/x-www-form-urlencoded', u'Authorization': u'OAuth oauth_nonce="125218037205008651041460686270", oauth_timestamp="1460686270", oauth_version="1.0", oauth_signature_method="HMAC-SHA1", oauth_consumer_key="0IqUcNNGuKaY59epn9E3jhinY", oauth_token="711680708222128128-XRUg8vuqnjklE4RnqGXCFyJ6WZnG4Sx", oauth_signature="Petg81eNNO75vncx9N9DC%2FDkzLg%3D"'}
2016-04-15 02:11:10,726 - requests_oauthlib.oauth1_auth - DEBUG - Updated body: u'language=en'
2016-04-15 02:11:10,726 - requests.packages.urllib3.connectionpool - INFO - Starting new HTTPS connection (11): stream.twitter.com
2016-04-15 02:11:10,931 - requests.packages.urllib3.connectionpool - DEBUG - "POST /1.1/statuses/filter.json?delimited=length HTTP/1.1" 406 83
2016-04-15 02:16:31,033 - requests_oauthlib.oauth1_auth - DEBUG - Signing request <PreparedRequest [POST]> using client <Client nonce=None, signature_method=HMAC-SHA1, realm=None, encoding=utf-8, timestamp=None, resource_owner_secret=****, decoding=None, verifier=None, signature_type=AUTH_HEADER, rsa_key=None, resource_owner_key=711680708222128128-XRUg8vuqnjklE4RnqGXCFyJ6WZnG4Sx, client_secret=****, callback_uri=None, client_key=0IqUcNNGuKaY59epn9E3jhinY>
2016-04-15 02:16:31,034 - requests_oauthlib.oauth1_auth - DEBUG - Including body in call to sign: True
2016-04-15 02:16:31,034 - oauthlib.oauth1.rfc5849 - DEBUG - Collected params: [(u'delimited', u'length'), (u'oauth_nonce', u'63020050733002831751460686591'), (u'oauth_timestamp', u'1460686591'), (u'oauth_consumer_key', u'0IqUcNNGuKaY59epn9E3jhinY'), (u'oauth_signature_method', u'HMAC-SHA1'), (u'oauth_version', u'1.0'), (u'oauth_token', u'711680708222128128-XRUg8vuqnjklE4RnqGXCFyJ6WZnG4Sx'), (u'language', u'en')]
2016-04-15 02:16:31,035 - oauthlib.oauth1.rfc5849 - DEBUG - Normalized params: delimited=length&language=en&oauth_consumer_key=0IqUcNNGuKaY59epn9E3jhinY&oauth_nonce=63020050733002831751460686591&oauth_signature_method=HMAC-SHA1&oauth_timestamp=1460686591&oauth_token=711680708222128128-XRUg8vuqnjklE4RnqGXCFyJ6WZnG4Sx&oauth_version=1.0
2016-04-15 02:16:31,035 - oauthlib.oauth1.rfc5849 - DEBUG - Normalized URI: https://stream.twitter.com/1.1/statuses/filter.json
2016-04-15 02:16:31,035 - oauthlib.oauth1.rfc5849 - DEBUG - Base signing string: POST&https%3A%2F%2Fstream.twitter.com%2F1.1%2Fstatuses%2Ffilter.json&delimited%3Dlength%26language%3Den%26oauth_consumer_key%3D0IqUcNNGuKaY59epn9E3jhinY%26oauth_nonce%3D63020050733002831751460686591%26oauth_signature_method%3DHMAC-SHA1%26oauth_timestamp%3D1460686591%26oauth_token%3D711680708222128128-XRUg8vuqnjklE4RnqGXCFyJ6WZnG4Sx%26oauth_version%3D1.0
2016-04-15 02:16:31,035 - oauthlib.oauth1.rfc5849 - DEBUG - Signature: /6iAuWXLV3FX/ekM5oYK/coyQxo=
2016-04-15 02:16:31,035 - requests_oauthlib.oauth1_auth - DEBUG - Updated url: https://stream.twitter.com/1.1/statuses/filter.json?delimited=length
2016-04-15 02:16:31,035 - requests_oauthlib.oauth1_auth - DEBUG - Updated headers: {u'Content-Length': u'11', u'Content-Type': u'application/x-www-form-urlencoded', u'Authorization': u'OAuth oauth_nonce="63020050733002831751460686591", oauth_timestamp="1460686591", oauth_version="1.0", oauth_signature_method="HMAC-SHA1", oauth_consumer_key="0IqUcNNGuKaY59epn9E3jhinY", oauth_token="711680708222128128-XRUg8vuqnjklE4RnqGXCFyJ6WZnG4Sx", oauth_signature="%2F6iAuWXLV3FX%2FekM5oYK%2FcoyQxo%3D"'}
2016-04-15 02:16:31,035 - requests_oauthlib.oauth1_auth - DEBUG - Updated body: u'language=en'
2016-04-15 02:16:31,036 - requests.packages.urllib3.connectionpool - INFO - Starting new HTTPS connection (12): stream.twitter.com
2016-04-15 02:16:31,130 - requests.packages.urllib3.connectionpool - DEBUG - "POST /1.1/statuses/filter.json?delimited=length HTTP/1.1" 406 83
