2016-04-15 01:37:03,269 - requests_oauthlib.oauth1_auth - DEBUG - Signing request <PreparedRequest [POST]> using client <Client nonce=None, signature_method=HMAC-SHA1, realm=None, encoding=utf-8, timestamp=None, resource_owner_secret=****, decoding=None, verifier=None, signature_type=AUTH_HEADER, rsa_key=None, resource_owner_key=711680708222128128-XRUg8vuqnjklE4RnqGXCFyJ6WZnG4Sx, client_secret=****, callback_uri=None, client_key=0IqUcNNGuKaY59epn9E3jhinY>
2016-04-15 01:37:03,269 - requests_oauthlib.oauth1_auth - DEBUG - Including body in call to sign: True
2016-04-15 01:37:03,271 - oauthlib.oauth1.rfc5849 - DEBUG - Collected params: [(u'delimited', u'length'), (u'oauth_nonce', u'32144657434101496511460684223'), (u'oauth_timestamp', u'1460684223'), (u'oauth_consumer_key', u'0IqUcNNGuKaY59epn9E3jhinY'), (u'oauth_signature_method', u'HMAC-SHA1'), (u'oauth_version', u'1.0'), (u'oauth_token', u'711680708222128128-XRUg8vuqnjklE4RnqGXCFyJ6WZnG4Sx'), (u'language', u'en')]
2016-04-15 01:37:03,271 - oauthlib.oauth1.rfc5849 - DEBUG - Normalized params: delimited=length&language=en&oauth_consumer_key=0IqUcNNGuKaY59epn9E3jhinY&oauth_nonce=32144657434101496511460684223&oauth_signature_method=HMAC-SHA1&oauth_timestamp=1460684223&oauth_token=711680708222128128-XRUg8vuqnjklE4RnqGXCFyJ6WZnG4Sx&oauth_version=1.0
2016-04-15 01:37:03,271 - oauthlib.oauth1.rfc5849 - DEBUG - Normalized URI: https://stream.twitter.com/1.1/statuses/filter.json
2016-04-15 01:37:03,271 - oauthlib.oauth1.rfc5849 - DEBUG - Base signing string: POST&https%3A%2F%2Fstream.twitter.com%2F1.1%2Fstatuses%2Ffilter.json&delimited%3Dlength%26language%3Den%26oauth_consumer_key%3D0IqUcNNGuKaY59epn9E3jhinY%26oauth_nonce%3D32144657434101496511460684223%26oauth_signature_method%3DHMAC-SHA1%26oauth_timestamp%3D1460684223%26oauth_token%3D711680708222128128-XRUg8vuqnjklE4RnqGXCFyJ6WZnG4Sx%26oauth_version%3D1.0
2016-04-15 01:37:03,272 - oauthlib.oauth1.rfc5849 - DEBUG - Signature: +kZoX6VoYkgmpyvrWKb0lErwkOM=
2016-04-15 01:37:03,272 - requests_oauthlib.oauth1_auth - DEBUG - Updated url: https://stream.twitter.com/1.1/statuses/filter.json?delimited=length
2016-04-15 01:37:03,272 - requests_oauthlib.oauth1_auth - DEBUG - Updated headers: {u'Content-Length': u'11', u'Content-Type': u'application/x-www-form-urlencoded', u'Authorization': u'OAuth oauth_nonce="32144657434101496511460684223", oauth_timestamp="1460684223", oauth_version="1.0", oauth_signature_method="HMAC-SHA1", oauth_consumer_key="0IqUcNNGuKaY59epn9E3jhinY", oauth_token="711680708222128128-XRUg8vuqnjklE4RnqGXCFyJ6WZnG4Sx", oauth_signature="%2BkZoX6VoYkgmpyvrWKb0lErwkOM%3D"'}
2016-04-15 01:37:03,273 - requests_oauthlib.oauth1_auth - DEBUG - Updated body: u'language=en'
2016-04-15 01:37:03,274 - requests.packages.urllib3.connectionpool - INFO - Starting new HTTPS connection (1): stream.twitter.com
2016-04-15 01:37:03,427 - requests.packages.urllib3.connectionpool - DEBUG - "POST /1.1/statuses/filter.json?delimited=length HTTP/1.1" 406 83
2016-04-15 01:37:08,433 - requests_oauthlib.oauth1_auth - DEBUG - Signing request <PreparedRequest [POST]> using client <Client nonce=None, signature_method=HMAC-SHA1, realm=None, encoding=utf-8, timestamp=None, resource_owner_secret=****, decoding=None, verifier=None, signature_type=AUTH_HEADER, rsa_key=None, resource_owner_key=711680708222128128-XRUg8vuqnjklE4RnqGXCFyJ6WZnG4Sx, client_secret=****, callback_uri=None, client_key=0IqUcNNGuKaY59epn9E3jhinY>
2016-04-15 01:37:08,433 - requests_oauthlib.oauth1_auth - DEBUG - Including body in call to sign: True
2016-04-15 01:37:08,434 - oauthlib.oauth1.rfc5849 - DEBUG - Collected params: [(u'delimited', u'length'), (u'oauth_nonce', u'98027353074363182661460684228'), (u'oauth_timestamp', u'1460684228'), (u'oauth_consumer_key', u'0IqUcNNGuKaY59epn9E3jhinY'), (u'oauth_signature_method', u'HMAC-SHA1'), (u'oauth_version', u'1.0'), (u'oauth_token', u'711680708222128128-XRUg8vuqnjklE4RnqGXCFyJ6WZnG4Sx'), (u'language', u'en')]
2016-04-15 01:37:08,434 - oauthlib.oauth1.rfc5849 - DEBUG - Normalized params: delimited=length&language=en&oauth_consumer_key=0IqUcNNGuKaY59epn9E3jhinY&oauth_nonce=98027353074363182661460684228&oauth_signature_method=HMAC-SHA1&oauth_timestamp=1460684228&oauth_token=711680708222128128-XRUg8vuqnjklE4RnqGXCFyJ6WZnG4Sx&oauth_version=1.0
2016-04-15 01:37:08,434 - oauthlib.oauth1.rfc5849 - DEBUG - Normalized URI: https://stream.twitter.com/1.1/statuses/filter.json
2016-04-15 01:37:08,434 - oauthlib.oauth1.rfc5849 - DEBUG - Base signing string: POST&https%3A%2F%2Fstream.twitter.com%2F1.1%2Fstatuses%2Ffilter.json&delimited%3Dlength%26language%3Den%26oauth_consumer_key%3D0IqUcNNGuKaY59epn9E3jhinY%26oauth_nonce%3D98027353074363182661460684228%26oauth_signature_method%3DHMAC-SHA1%26oauth_timestamp%3D1460684228%26oauth_token%3D711680708222128128-XRUg8vuqnjklE4RnqGXCFyJ6WZnG4Sx%26oauth_version%3D1.0
2016-04-15 01:37:08,435 - oauthlib.oauth1.rfc5849 - DEBUG - Signature: Yw9b3AzoNs0MNIwU2dAWoEFgwMg=
2016-04-15 01:37:08,435 - requests_oauthlib.oauth1_auth - DEBUG - Updated url: https://stream.twitter.com/1.1/statuses/filter.json?delimited=length
2016-04-15 01:37:08,435 - requests_oauthlib.oauth1_auth - DEBUG - Updated headers: {u'Content-Length': u'11', u'Content-Type': u'application/x-www-form-urlencoded', u'Authorization': u'OAuth oauth_nonce="98027353074363182661460684228", oauth_timestamp="1460684228", oauth_version="1.0", oauth_signature_method="HMAC-SHA1", oauth_consumer_key="0IqUcNNGuKaY59epn9E3jhinY", oauth_token="711680708222128128-XRUg8vuqnjklE4RnqGXCFyJ6WZnG4Sx", oauth_signature="Yw9b3AzoNs0MNIwU2dAWoEFgwMg%3D"'}
2016-04-15 01:37:08,435 - requests_oauthlib.oauth1_auth - DEBUG - Updated body: u'language=en'
2016-04-15 01:37:08,435 - requests.packages.urllib3.connectionpool - INFO - Starting new HTTPS connection (2): stream.twitter.com
2016-04-15 01:37:08,676 - requests.packages.urllib3.connectionpool - DEBUG - "POST /1.1/statuses/filter.json?delimited=length HTTP/1.1" 406 83
2016-04-15 01:37:18,690 - requests_oauthlib.oauth1_auth - DEBUG - Signing request <PreparedRequest [POST]> using client <Client nonce=None, signature_method=HMAC-SHA1, realm=None, encoding=utf-8, timestamp=None, resource_owner_secret=****, decoding=None, verifier=None, signature_type=AUTH_HEADER, rsa_key=None, resource_owner_key=711680708222128128-XRUg8vuqnjklE4RnqGXCFyJ6WZnG4Sx, client_secret=****, callback_uri=None, client_key=0IqUcNNGuKaY59epn9E3jhinY>
2016-04-15 01:37:18,690 - requests_oauthlib.oauth1_auth - DEBUG - Including body in call to sign: True
2016-04-15 01:37:18,691 - oauthlib.oauth1.rfc5849 - DEBUG - Collected params: [(u'delimited', u'length'), (u'oauth_nonce', u'22239311179653537061460684238'), (u'oauth_timestamp', u'1460684238'), (u'oauth_consumer_key', u'0IqUcNNGuKaY59epn9E3jhinY'), (u'oauth_signature_method', u'HMAC-SHA1'), (u'oauth_version', u'1.0'), (u'oauth_token', u'711680708222128128-XRUg8vuqnjklE4RnqGXCFyJ6WZnG4Sx'), (u'language', u'en')]
2016-04-15 01:37:18,691 - oauthlib.oauth1.rfc5849 - DEBUG - Normalized params: delimited=length&language=en&oauth_consumer_key=0IqUcNNGuKaY59epn9E3jhinY&oauth_nonce=22239311179653537061460684238&oauth_signature_method=HMAC-SHA1&oauth_timestamp=1460684238&oauth_token=711680708222128128-XRUg8vuqnjklE4RnqGXCFyJ6WZnG4Sx&oauth_version=1.0
2016-04-15 01:37:18,691 - oauthlib.oauth1.rfc5849 - DEBUG - Normalized URI: https://stream.twitter.com/1.1/statuses/filter.json
2016-04-15 01:37:18,691 - oauthlib.oauth1.rfc5849 - DEBUG - Base signing string: POST&https%3A%2F%2Fstream.twitter.com%2F1.1%2Fstatuses%2Ffilter.json&delimited%3Dlength%26language%3Den%26oauth_consumer_key%3D0IqUcNNGuKaY59epn9E3jhinY%26oauth_nonce%3D22239311179653537061460684238%26oauth_signature_method%3DHMAC-SHA1%26oauth_timestamp%3D1460684238%26oauth_token%3D711680708222128128-XRUg8vuqnjklE4RnqGXCFyJ6WZnG4Sx%26oauth_version%3D1.0
2016-04-15 01:37:18,691 - oauthlib.oauth1.rfc5849 - DEBUG - Signature: VQJ8YRnq8uOTaje5wCkP9NTFUSE=
2016-04-15 01:37:18,691 - requests_oauthlib.oauth1_auth - DEBUG - Updated url: https://stream.twitter.com/1.1/statuses/filter.json?delimited=length
2016-04-15 01:37:18,692 - requests_oauthlib.oauth1_auth - DEBUG - Updated headers: {u'Content-Length': u'11', u'Content-Type': u'application/x-www-form-urlencoded', u'Authorization': u'OAuth oauth_nonce="22239311179653537061460684238", oauth_timestamp="1460684238", oauth_version="1.0", oauth_signature_method="HMAC-SHA1", oauth_consumer_key="0IqUcNNGuKaY59epn9E3jhinY", oauth_token="711680708222128128-XRUg8vuqnjklE4RnqGXCFyJ6WZnG4Sx", oauth_signature="VQJ8YRnq8uOTaje5wCkP9NTFUSE%3D"'}
2016-04-15 01:37:18,692 - requests_oauthlib.oauth1_auth - DEBUG - Updated body: u'language=en'
2016-04-15 01:37:18,692 - requests.packages.urllib3.connectionpool - INFO - Starting new HTTPS connection (3): stream.twitter.com
2016-04-15 01:37:23,779 - requests.packages.urllib3.connectionpool - DEBUG - "POST /1.1/statuses/filter.json?delimited=length HTTP/1.1" 420 67
2016-04-15 01:38:23,837 - requests_oauthlib.oauth1_auth - DEBUG - Signing request <PreparedRequest [POST]> using client <Client nonce=None, signature_method=HMAC-SHA1, realm=None, encoding=utf-8, timestamp=None, resource_owner_secret=****, decoding=None, verifier=None, signature_type=AUTH_HEADER, rsa_key=None, resource_owner_key=711680708222128128-XRUg8vuqnjklE4RnqGXCFyJ6WZnG4Sx, client_secret=****, callback_uri=None, client_key=0IqUcNNGuKaY59epn9E3jhinY>
2016-04-15 01:38:23,837 - requests_oauthlib.oauth1_auth - DEBUG - Including body in call to sign: True
2016-04-15 01:38:23,838 - oauthlib.oauth1.rfc5849 - DEBUG - Collected params: [(u'delimited', u'length'), (u'oauth_nonce', u'40159502284044059041460684303'), (u'oauth_timestamp', u'1460684303'), (u'oauth_consumer_key', u'0IqUcNNGuKaY59epn9E3jhinY'), (u'oauth_signature_method', u'HMAC-SHA1'), (u'oauth_version', u'1.0'), (u'oauth_token', u'711680708222128128-XRUg8vuqnjklE4RnqGXCFyJ6WZnG4Sx'), (u'language', u'en')]
2016-04-15 01:38:23,838 - oauthlib.oauth1.rfc5849 - DEBUG - Normalized params: delimited=length&language=en&oauth_consumer_key=0IqUcNNGuKaY59epn9E3jhinY&oauth_nonce=40159502284044059041460684303&oauth_signature_method=HMAC-SHA1&oauth_timestamp=1460684303&oauth_token=711680708222128128-XRUg8vuqnjklE4RnqGXCFyJ6WZnG4Sx&oauth_version=1.0
2016-04-15 01:38:23,838 - oauthlib.oauth1.rfc5849 - DEBUG - Normalized URI: https://stream.twitter.com/1.1/statuses/filter.json
2016-04-15 01:38:23,839 - oauthlib.oauth1.rfc5849 - DEBUG - Base signing string: POST&https%3A%2F%2Fstream.twitter.com%2F1.1%2Fstatuses%2Ffilter.json&delimited%3Dlength%26language%3Den%26oauth_consumer_key%3D0IqUcNNGuKaY59epn9E3jhinY%26oauth_nonce%3D40159502284044059041460684303%26oauth_signature_method%3DHMAC-SHA1%26oauth_timestamp%3D1460684303%26oauth_token%3D711680708222128128-XRUg8vuqnjklE4RnqGXCFyJ6WZnG4Sx%26oauth_version%3D1.0
2016-04-15 01:38:23,839 - oauthlib.oauth1.rfc5849 - DEBUG - Signature: F/082tEzf2Y+OWQstHqn66TzeiQ=
2016-04-15 01:38:23,839 - requests_oauthlib.oauth1_auth - DEBUG - Updated url: https://stream.twitter.com/1.1/statuses/filter.json?delimited=length
2016-04-15 01:38:23,839 - requests_oauthlib.oauth1_auth - DEBUG - Updated headers: {u'Content-Length': u'11', u'Content-Type': u'application/x-www-form-urlencoded', u'Authorization': u'OAuth oauth_nonce="40159502284044059041460684303", oauth_timestamp="1460684303", oauth_version="1.0", oauth_signature_method="HMAC-SHA1", oauth_consumer_key="0IqUcNNGuKaY59epn9E3jhinY", oauth_token="711680708222128128-XRUg8vuqnjklE4RnqGXCFyJ6WZnG4Sx", oauth_signature="F%2F082tEzf2Y%2BOWQstHqn66TzeiQ%3D"'}
2016-04-15 01:38:23,839 - requests_oauthlib.oauth1_auth - DEBUG - Updated body: u'language=en'
2016-04-15 01:38:23,840 - requests.packages.urllib3.connectionpool - INFO - Starting new HTTPS connection (4): stream.twitter.com
2016-04-15 01:38:23,944 - requests.packages.urllib3.connectionpool - DEBUG - "POST /1.1/statuses/filter.json?delimited=length HTTP/1.1" 406 83
2016-04-15 01:40:24,045 - requests_oauthlib.oauth1_auth - DEBUG - Signing request <PreparedRequest [POST]> using client <Client nonce=None, signature_method=HMAC-SHA1, realm=None, encoding=utf-8, timestamp=None, resource_owner_secret=****, decoding=None, verifier=None, signature_type=AUTH_HEADER, rsa_key=None, resource_owner_key=711680708222128128-XRUg8vuqnjklE4RnqGXCFyJ6WZnG4Sx, client_secret=****, callback_uri=None, client_key=0IqUcNNGuKaY59epn9E3jhinY>
2016-04-15 01:40:24,045 - requests_oauthlib.oauth1_auth - DEBUG - Including body in call to sign: True
2016-04-15 01:40:24,046 - oauthlib.oauth1.rfc5849 - DEBUG - Collected params: [(u'delimited', u'length'), (u'oauth_nonce', u'173345613280282233971460684424'), (u'oauth_timestamp', u'1460684424'), (u'oauth_consumer_key', u'0IqUcNNGuKaY59epn9E3jhinY'), (u'oauth_signature_method', u'HMAC-SHA1'), (u'oauth_version', u'1.0'), (u'oauth_token', u'711680708222128128-XRUg8vuqnjklE4RnqGXCFyJ6WZnG4Sx'), (u'language', u'en')]
2016-04-15 01:40:24,046 - oauthlib.oauth1.rfc5849 - DEBUG - Normalized params: delimited=length&language=en&oauth_consumer_key=0IqUcNNGuKaY59epn9E3jhinY&oauth_nonce=173345613280282233971460684424&oauth_signature_method=HMAC-SHA1&oauth_timestamp=1460684424&oauth_token=711680708222128128-XRUg8vuqnjklE4RnqGXCFyJ6WZnG4Sx&oauth_version=1.0
2016-04-15 01:40:24,046 - oauthlib.oauth1.rfc5849 - DEBUG - Normalized URI: https://stream.twitter.com/1.1/statuses/filter.json
2016-04-15 01:40:24,046 - oauthlib.oauth1.rfc5849 - DEBUG - Base signing string: POST&https%3A%2F%2Fstream.twitter.com%2F1.1%2Fstatuses%2Ffilter.json&delimited%3Dlength%26language%3Den%26oauth_consumer_key%3D0IqUcNNGuKaY59epn9E3jhinY%26oauth_nonce%3D173345613280282233971460684424%26oauth_signature_method%3DHMAC-SHA1%26oauth_timestamp%3D1460684424%26oauth_token%3D711680708222128128-XRUg8vuqnjklE4RnqGXCFyJ6WZnG4Sx%26oauth_version%3D1.0
2016-04-15 01:40:24,046 - oauthlib.oauth1.rfc5849 - DEBUG - Signature: vUnH6MocRvJadK76d+pDpIG4z2Y=
2016-04-15 01:40:24,047 - requests_oauthlib.oauth1_auth - DEBUG - Updated url: https://stream.twitter.com/1.1/statuses/filter.json?delimited=length
2016-04-15 01:40:24,047 - requests_oauthlib.oauth1_auth - DEBUG - Updated headers: {u'Content-Length': u'11', u'Content-Type': u'application/x-www-form-urlencoded', u'Authorization': u'OAuth oauth_nonce="173345613280282233971460684424", oauth_timestamp="1460684424", oauth_version="1.0", oauth_signature_method="HMAC-SHA1", oauth_consumer_key="0IqUcNNGuKaY59epn9E3jhinY", oauth_token="711680708222128128-XRUg8vuqnjklE4RnqGXCFyJ6WZnG4Sx", oauth_signature="vUnH6MocRvJadK76d%2BpDpIG4z2Y%3D"'}
2016-04-15 01:40:24,047 - requests_oauthlib.oauth1_auth - DEBUG - Updated body: u'language=en'
2016-04-15 01:40:24,047 - requests.packages.urllib3.connectionpool - INFO - Starting new HTTPS connection (5): stream.twitter.com
2016-04-15 01:40:24,166 - requests.packages.urllib3.connectionpool - DEBUG - "POST /1.1/statuses/filter.json?delimited=length HTTP/1.1" 406 83
2016-04-15 01:44:24,264 - requests_oauthlib.oauth1_auth - DEBUG - Signing request <PreparedRequest [POST]> using client <Client nonce=None, signature_method=HMAC-SHA1, realm=None, encoding=utf-8, timestamp=None, resource_owner_secret=****, decoding=None, verifier=None, signature_type=AUTH_HEADER, rsa_key=None, resource_owner_key=711680708222128128-XRUg8vuqnjklE4RnqGXCFyJ6WZnG4Sx, client_secret=****, callback_uri=None, client_key=0IqUcNNGuKaY59epn9E3jhinY>
2016-04-15 01:44:24,264 - requests_oauthlib.oauth1_auth - DEBUG - Including body in call to sign: True
2016-04-15 01:44:24,265 - oauthlib.oauth1.rfc5849 - DEBUG - Collected params: [(u'delimited', u'length'), (u'oauth_nonce', u'97550491158554647681460684664'), (u'oauth_timestamp', u'1460684664'), (u'oauth_consumer_key', u'0IqUcNNGuKaY59epn9E3jhinY'), (u'oauth_signature_method', u'HMAC-SHA1'), (u'oauth_version', u'1.0'), (u'oauth_token', u'711680708222128128-XRUg8vuqnjklE4RnqGXCFyJ6WZnG4Sx'), (u'language', u'en')]
2016-04-15 01:44:24,265 - oauthlib.oauth1.rfc5849 - DEBUG - Normalized params: delimited=length&language=en&oauth_consumer_key=0IqUcNNGuKaY59epn9E3jhinY&oauth_nonce=97550491158554647681460684664&oauth_signature_method=HMAC-SHA1&oauth_timestamp=1460684664&oauth_token=711680708222128128-XRUg8vuqnjklE4RnqGXCFyJ6WZnG4Sx&oauth_version=1.0
2016-04-15 01:44:24,266 - oauthlib.oauth1.rfc5849 - DEBUG - Normalized URI: https://stream.twitter.com/1.1/statuses/filter.json
2016-04-15 01:44:24,266 - oauthlib.oauth1.rfc5849 - DEBUG - Base signing string: POST&https%3A%2F%2Fstream.twitter.com%2F1.1%2Fstatuses%2Ffilter.json&delimited%3Dlength%26language%3Den%26oauth_consumer_key%3D0IqUcNNGuKaY59epn9E3jhinY%26oauth_nonce%3D97550491158554647681460684664%26oauth_signature_method%3DHMAC-SHA1%26oauth_timestamp%3D1460684664%26oauth_token%3D711680708222128128-XRUg8vuqnjklE4RnqGXCFyJ6WZnG4Sx%26oauth_version%3D1.0
2016-04-15 01:44:24,266 - oauthlib.oauth1.rfc5849 - DEBUG - Signature: Zd/c42mvV8E6IUrHBYVtj9JaGvw=
2016-04-15 01:44:24,266 - requests_oauthlib.oauth1_auth - DEBUG - Updated url: https://stream.twitter.com/1.1/statuses/filter.json?delimited=length
2016-04-15 01:44:24,266 - requests_oauthlib.oauth1_auth - DEBUG - Updated headers: {u'Content-Length': u'11', u'Content-Type': u'application/x-www-form-urlencoded', u'Authorization': u'OAuth oauth_nonce="97550491158554647681460684664", oauth_timestamp="1460684664", oauth_version="1.0", oauth_signature_method="HMAC-SHA1", oauth_consumer_key="0IqUcNNGuKaY59epn9E3jhinY", oauth_token="711680708222128128-XRUg8vuqnjklE4RnqGXCFyJ6WZnG4Sx", oauth_signature="Zd%2Fc42mvV8E6IUrHBYVtj9JaGvw%3D"'}
2016-04-15 01:44:24,266 - requests_oauthlib.oauth1_auth - DEBUG - Updated body: u'language=en'
2016-04-15 01:44:24,267 - requests.packages.urllib3.connectionpool - INFO - Starting new HTTPS connection (6): stream.twitter.com
2016-04-15 01:44:24,373 - requests.packages.urllib3.connectionpool - DEBUG - "POST /1.1/statuses/filter.json?delimited=length HTTP/1.1" 406 83
2016-04-15 01:49:44,475 - requests_oauthlib.oauth1_auth - DEBUG - Signing request <PreparedRequest [POST]> using client <Client nonce=None, signature_method=HMAC-SHA1, realm=None, encoding=utf-8, timestamp=None, resource_owner_secret=****, decoding=None, verifier=None, signature_type=AUTH_HEADER, rsa_key=None, resource_owner_key=711680708222128128-XRUg8vuqnjklE4RnqGXCFyJ6WZnG4Sx, client_secret=****, callback_uri=None, client_key=0IqUcNNGuKaY59epn9E3jhinY>
2016-04-15 01:49:44,475 - requests_oauthlib.oauth1_auth - DEBUG - Including body in call to sign: True
2016-04-15 01:49:44,476 - oauthlib.oauth1.rfc5849 - DEBUG - Collected params: [(u'delimited', u'length'), (u'oauth_nonce', u'140601876829995820451460684984'), (u'oauth_timestamp', u'1460684984'), (u'oauth_consumer_key', u'0IqUcNNGuKaY59epn9E3jhinY'), (u'oauth_signature_method', u'HMAC-SHA1'), (u'oauth_version', u'1.0'), (u'oauth_token', u'711680708222128128-XRUg8vuqnjklE4RnqGXCFyJ6WZnG4Sx'), (u'language', u'en')]
2016-04-15 01:49:44,476 - oauthlib.oauth1.rfc5849 - DEBUG - Normalized params: delimited=length&language=en&oauth_consumer_key=0IqUcNNGuKaY59epn9E3jhinY&oauth_nonce=140601876829995820451460684984&oauth_signature_method=HMAC-SHA1&oauth_timestamp=1460684984&oauth_token=711680708222128128-XRUg8vuqnjklE4RnqGXCFyJ6WZnG4Sx&oauth_version=1.0
2016-04-15 01:49:44,476 - oauthlib.oauth1.rfc5849 - DEBUG - Normalized URI: https://stream.twitter.com/1.1/statuses/filter.json
2016-04-15 01:49:44,476 - oauthlib.oauth1.rfc5849 - DEBUG - Base signing string: POST&https%3A%2F%2Fstream.twitter.com%2F1.1%2Fstatuses%2Ffilter.json&delimited%3Dlength%26language%3Den%26oauth_consumer_key%3D0IqUcNNGuKaY59epn9E3jhinY%26oauth_nonce%3D140601876829995820451460684984%26oauth_signature_method%3DHMAC-SHA1%26oauth_timestamp%3D1460684984%26oauth_token%3D711680708222128128-XRUg8vuqnjklE4RnqGXCFyJ6WZnG4Sx%26oauth_version%3D1.0
2016-04-15 01:49:44,476 - oauthlib.oauth1.rfc5849 - DEBUG - Signature: 6M7NWNMR8MInDz9WEjCXsSufRLE=
2016-04-15 01:49:44,477 - requests_oauthlib.oauth1_auth - DEBUG - Updated url: https://stream.twitter.com/1.1/statuses/filter.json?delimited=length
2016-04-15 01:49:44,477 - requests_oauthlib.oauth1_auth - DEBUG - Updated headers: {u'Content-Length': u'11', u'Content-Type': u'application/x-www-form-urlencoded', u'Authorization': u'OAuth oauth_nonce="140601876829995820451460684984", oauth_timestamp="1460684984", oauth_version="1.0", oauth_signature_method="HMAC-SHA1", oauth_consumer_key="0IqUcNNGuKaY59epn9E3jhinY", oauth_token="711680708222128128-XRUg8vuqnjklE4RnqGXCFyJ6WZnG4Sx", oauth_signature="6M7NWNMR8MInDz9WEjCXsSufRLE%3D"'}
2016-04-15 01:49:44,477 - requests_oauthlib.oauth1_auth - DEBUG - Updated body: u'language=en'
2016-04-15 01:49:44,477 - requests.packages.urllib3.connectionpool - INFO - Starting new HTTPS connection (7): stream.twitter.com
2016-04-15 01:49:44,587 - requests.packages.urllib3.connectionpool - DEBUG - "POST /1.1/statuses/filter.json?delimited=length HTTP/1.1" 406 83
2016-04-15 01:55:04,688 - requests_oauthlib.oauth1_auth - DEBUG - Signing request <PreparedRequest [POST]> using client <Client nonce=None, signature_method=HMAC-SHA1, realm=None, encoding=utf-8, timestamp=None, resource_owner_secret=****, decoding=None, verifier=None, signature_type=AUTH_HEADER, rsa_key=None, resource_owner_key=711680708222128128-XRUg8vuqnjklE4RnqGXCFyJ6WZnG4Sx, client_secret=****, callback_uri=None, client_key=0IqUcNNGuKaY59epn9E3jhinY>
2016-04-15 01:55:04,688 - requests_oauthlib.oauth1_auth - DEBUG - Including body in call to sign: True
2016-04-15 01:55:04,689 - oauthlib.oauth1.rfc5849 - DEBUG - Collected params: [(u'delimited', u'length'), (u'oauth_nonce', u'42511812395312144821460685304'), (u'oauth_timestamp', u'1460685304'), (u'oauth_consumer_key', u'0IqUcNNGuKaY59epn9E3jhinY'), (u'oauth_signature_method', u'HMAC-SHA1'), (u'oauth_version', u'1.0'), (u'oauth_token', u'711680708222128128-XRUg8vuqnjklE4RnqGXCFyJ6WZnG4Sx'), (u'language', u'en')]
2016-04-15 01:55:04,689 - oauthlib.oauth1.rfc5849 - DEBUG - Normalized params: delimited=length&language=en&oauth_consumer_key=0IqUcNNGuKaY59epn9E3jhinY&oauth_nonce=42511812395312144821460685304&oauth_signature_method=HMAC-SHA1&oauth_timestamp=1460685304&oauth_token=711680708222128128-XRUg8vuqnjklE4RnqGXCFyJ6WZnG4Sx&oauth_version=1.0
2016-04-15 01:55:04,689 - oauthlib.oauth1.rfc5849 - DEBUG - Normalized URI: https://stream.twitter.com/1.1/statuses/filter.json
2016-04-15 01:55:04,689 - oauthlib.oauth1.rfc5849 - DEBUG - Base signing string: POST&https%3A%2F%2Fstream.twitter.com%2F1.1%2Fstatuses%2Ffilter.json&delimited%3Dlength%26language%3Den%26oauth_consumer_key%3D0IqUcNNGuKaY59epn9E3jhinY%26oauth_nonce%3D42511812395312144821460685304%26oauth_signature_method%3DHMAC-SHA1%26oauth_timestamp%3D1460685304%26oauth_token%3D711680708222128128-XRUg8vuqnjklE4RnqGXCFyJ6WZnG4Sx%26oauth_version%3D1.0
2016-04-15 01:55:04,690 - oauthlib.oauth1.rfc5849 - DEBUG - Signature: GAO07HiKmRJKgG++js28BAJK+ks=
2016-04-15 01:55:04,690 - requests_oauthlib.oauth1_auth - DEBUG - Updated url: https://stream.twitter.com/1.1/statuses/filter.json?delimited=length
2016-04-15 01:55:04,690 - requests_oauthlib.oauth1_auth - DEBUG - Updated headers: {u'Content-Length': u'11', u'Content-Type': u'application/x-www-form-urlencoded', u'Authorization': u'OAuth oauth_nonce="42511812395312144821460685304", oauth_timestamp="1460685304", oauth_version="1.0", oauth_signature_method="HMAC-SHA1", oauth_consumer_key="0IqUcNNGuKaY59epn9E3jhinY", oauth_token="711680708222128128-XRUg8vuqnjklE4RnqGXCFyJ6WZnG4Sx", oauth_signature="GAO07HiKmRJKgG%2B%2Bjs28BAJK%2Bks%3D"'}
2016-04-15 01:55:04,690 - requests_oauthlib.oauth1_auth - DEBUG - Updated body: u'language=en'
2016-04-15 01:55:04,690 - requests.packages.urllib3.connectionpool - INFO - Starting new HTTPS connection (8): stream.twitter.com
2016-04-15 01:55:04,905 - requests.packages.urllib3.connectionpool - DEBUG - "POST /1.1/statuses/filter.json?delimited=length HTTP/1.1" 406 83
2016-04-15 02:00:25,007 - requests_oauthlib.oauth1_auth - DEBUG - Signing request <PreparedRequest [POST]> using client <Client nonce=None, signature_method=HMAC-SHA1, realm=None, encoding=utf-8, timestamp=None, resource_owner_secret=****, decoding=None, verifier=None, signature_type=AUTH_HEADER, rsa_key=None, resource_owner_key=711680708222128128-XRUg8vuqnjklE4RnqGXCFyJ6WZnG4Sx, client_secret=****, callback_uri=None, client_key=0IqUcNNGuKaY59epn9E3jhinY>
2016-04-15 02:00:25,007 - requests_oauthlib.oauth1_auth - DEBUG - Including body in call to sign: True
2016-04-15 02:00:25,008 - oauthlib.oauth1.rfc5849 - DEBUG - Collected params: [(u'delimited', u'length'), (u'oauth_nonce', u'30040358532112885651460685625'), (u'oauth_timestamp', u'1460685625'), (u'oauth_consumer_key', u'0IqUcNNGuKaY59epn9E3jhinY'), (u'oauth_signature_method', u'HMAC-SHA1'), (u'oauth_version', u'1.0'), (u'oauth_token', u'711680708222128128-XRUg8vuqnjklE4RnqGXCFyJ6WZnG4Sx'), (u'language', u'en')]
2016-04-15 02:00:25,008 - oauthlib.oauth1.rfc5849 - DEBUG - Normalized params: delimited=length&language=en&oauth_consumer_key=0IqUcNNGuKaY59epn9E3jhinY&oauth_nonce=30040358532112885651460685625&oauth_signature_method=HMAC-SHA1&oauth_timestamp=1460685625&oauth_token=711680708222128128-XRUg8vuqnjklE4RnqGXCFyJ6WZnG4Sx&oauth_version=1.0
2016-04-15 02:00:25,008 - oauthlib.oauth1.rfc5849 - DEBUG - Normalized URI: https://stream.twitter.com/1.1/statuses/filter.json
2016-04-15 02:00:25,008 - oauthlib.oauth1.rfc5849 - DEBUG - Base signing string: POST&https%3A%2F%2Fstream.twitter.com%2F1.1%2Fstatuses%2Ffilter.json&delimited%3Dlength%26language%3Den%26oauth_consumer_key%3D0IqUcNNGuKaY59epn9E3jhinY%26oauth_nonce%3D30040358532112885651460685625%26oauth_signature_method%3DHMAC-SHA1%26oauth_timestamp%3D1460685625%26oauth_token%3D711680708222128128-XRUg8vuqnjklE4RnqGXCFyJ6WZnG4Sx%26oauth_version%3D1.0
2016-04-15 02:00:25,009 - oauthlib.oauth1.rfc5849 - DEBUG - Signature: cuxkQAxLiKIZeQcpZClth4ECZU4=
2016-04-15 02:00:25,009 - requests_oauthlib.oauth1_auth - DEBUG - Updated url: https://stream.twitter.com/1.1/statuses/filter.json?delimited=length
2016-04-15 02:00:25,009 - requests_oauthlib.oauth1_auth - DEBUG - Updated headers: {u'Content-Length': u'11', u'Content-Type': u'application/x-www-form-urlencoded', u'Authorization': u'OAuth oauth_nonce="30040358532112885651460685625", oauth_timestamp="1460685625", oauth_version="1.0", oauth_signature_method="HMAC-SHA1", oauth_consumer_key="0IqUcNNGuKaY59epn9E3jhinY", oauth_token="711680708222128128-XRUg8vuqnjklE4RnqGXCFyJ6WZnG4Sx", oauth_signature="cuxkQAxLiKIZeQcpZClth4ECZU4%3D"'}
2016-04-15 02:00:25,009 - requests_oauthlib.oauth1_auth - DEBUG - Updated body: u'language=en'
2016-04-15 02:00:25,010 - requests.packages.urllib3.connectionpool - INFO - Starting new HTTPS connection (9): stream.twitter.com
2016-04-15 02:00:25,186 - requests.packages.urllib3.connectionpool - DEBUG - "POST /1.1/statuses/filter.json?delimited=length HTTP/1.1" 406 83
2016-04-15 02:05:45,288 - requests_oauthlib.oauth1_auth - DEBUG - Signing request <PreparedRequest [POST]> using client <Client nonce=None, signature_method=HMAC-SHA1, realm=None, encoding=utf-8, timestamp=None, resource_owner_secret=****, decoding=None, verifier=None, signature_type=AUTH_HEADER, rsa_key=None, resource_owner_key=711680708222128128-XRUg8vuqnjklE4RnqGXCFyJ6WZnG4Sx, client_secret=****, callback_uri=None, client_key=0IqUcNNGuKaY59epn9E3jhinY>
2016-04-15 02:05:45,288 - requests_oauthlib.oauth1_auth - DEBUG - Including body in call to sign: True
2016-04-15 02:05:45,288 - oauthlib.oauth1.rfc5849 - DEBUG - Collected params: [(u'delimited', u'length'), (u'oauth_nonce', u'68540013369387051351460685945'), (u'oauth_timestamp', u'1460685945'), (u'oauth_consumer_key', u'0IqUcNNGuKaY59epn9E3jhinY'), (u'oauth_signature_method', u'HMAC-SHA1'), (u'oauth_version', u'1.0'), (u'oauth_token', u'711680708222128128-XRUg8vuqnjklE4RnqGXCFyJ6WZnG4Sx'), (u'language', u'en')]
2016-04-15 02:05:45,289 - oauthlib.oauth1.rfc5849 - DEBUG - Normalized params: delimited=length&language=en&oauth_consumer_key=0IqUcNNGuKaY59epn9E3jhinY&oauth_nonce=68540013369387051351460685945&oauth_signature_method=HMAC-SHA1&oauth_timestamp=1460685945&oauth_token=711680708222128128-XRUg8vuqnjklE4RnqGXCFyJ6WZnG4Sx&oauth_version=1.0
2016-04-15 02:05:45,289 - oauthlib.oauth1.rfc5849 - DEBUG - Normalized URI: https://stream.twitter.com/1.1/statuses/filter.json
2016-04-15 02:05:45,289 - oauthlib.oauth1.rfc5849 - DEBUG - Base signing string: POST&https%3A%2F%2Fstream.twitter.com%2F1.1%2Fstatuses%2Ffilter.json&delimited%3Dlength%26language%3Den%26oauth_consumer_key%3D0IqUcNNGuKaY59epn9E3jhinY%26oauth_nonce%3D68540013369387051351460685945%26oauth_signature_method%3DHMAC-SHA1%26oauth_timestamp%3D1460685945%26oauth_token%3D711680708222128128-XRUg8vuqnjklE4RnqGXCFyJ6WZnG4Sx%26oauth_version%3D1.0
2016-04-15 02:05:45,289 - oauthlib.oauth1.rfc5849 - DEBUG - Signature: tJUb0v3YBXlKaCBzeFAL1uOry8k=
2016-04-15 02:05:45,290 - requests_oauthlib.oauth1_auth - DEBUG - Updated url: https://stream.twitter.com/1.1/statuses/filter.json?delimited=length
2016-04-15 02:05:45,290 - requests_oauthlib.oauth1_auth - DEBUG - Updated headers: {u'Content-Length': u'11', u'Content-Type': u'application/x-www-form-urlencoded', u'Authorization': u'OAuth oauth_nonce="68540013369387051351460685945", oauth_timestamp="1460685945", oauth_version="1.0", oauth_signature_method="HMAC-SHA1", oauth_consumer_key="0IqUcNNGuKaY59epn9E3jhinY", oauth_token="711680708222128128-XRUg8vuqnjklE4RnqGXCFyJ6WZnG4Sx", oauth_signature="tJUb0v3YBXlKaCBzeFAL1uOry8k%3D"'}
2016-04-15 02:05:45,290 - requests_oauthlib.oauth1_auth - DEBUG - Updated body: u'language=en'
2016-04-15 02:05:45,290 - requests.packages.urllib3.connectionpool - INFO - Starting new HTTPS connection (10): stream.twitter.com
2016-04-15 02:05:45,489 - requests.packages.urllib3.connectionpool - DEBUG - "POST /1.1/statuses/filter.json?delimited=length HTTP/1.1" 406 83
2016-04-15 02:11:05,585 - requests_oauthlib.oauth1_auth - DEBUG - Signing request <PreparedRequest [POST]> using client <Client nonce=None, signature_method=HMAC-SHA1, realm=None, encoding=utf-8, timestamp=None, resource_owner_secret=****, decoding=None, verifier=None, signature_type=AUTH_HEADER, rsa_key=None, resource_owner_key=711680708222128128-XRUg8vuqnjklE4RnqGXCFyJ6WZnG4Sx, client_secret=****, callback_uri=None, client_key=0IqUcNNGuKaY59epn9E3jhinY>
2016-04-15 02:11:05,585 - requests_oauthlib.oauth1_auth - DEBUG - Including body in call to sign: True
2016-04-15 02:11:05,585 - oauthlib.oauth1.rfc5849 - DEBUG - Collected params: [(u'delimited', u'length'), (u'oauth_nonce', u'140814502511461390411460686265'), (u'oauth_timestamp', u'1460686265'), (u'oauth_consumer_key', u'0IqUcNNGuKaY59epn9E3jhinY'), (u'oauth_signature_method', u'HMAC-SHA1'), (u'oauth_version', u'1.0'), (u'oauth_token', u'711680708222128128-XRUg8vuqnjklE4RnqGXCFyJ6WZnG4Sx'), (u'language', u'en')]
2016-04-15 02:11:05,586 - oauthlib.oauth1.rfc5849 - DEBUG - Normalized params: delimited=length&language=en&oauth_consumer_key=0IqUcNNGuKaY59epn9E3jhinY&oauth_nonce=140814502511461390411460686265&oauth_signature_method=HMAC-SHA1&oauth_timestamp=1460686265&oauth_token=711680708222128128-XRUg8vuqnjklE4RnqGXCFyJ6WZnG4Sx&oauth_version=1.0
2016-04-15 02:11:05,586 - oauthlib.oauth1.rfc5849 - DEBUG - Normalized URI: https://stream.twitter.com/1.1/statuses/filter.json
2016-04-15 02:11:05,586 - oauthlib.oauth1.rfc5849 - DEBUG - Base signing string: POST&https%3A%2F%2Fstream.twitter.com%2F1.1%2Fstatuses%2Ffilter.json&delimited%3Dlength%26language%3Den%26oauth_consumer_key%3D0IqUcNNGuKaY59epn9E3jhinY%26oauth_nonce%3D140814502511461390411460686265%26oauth_signature_method%3DHMAC-SHA1%26oauth_timestamp%3D1460686265%26oauth_token%3D711680708222128128-XRUg8vuqnjklE4RnqGXCFyJ6WZnG4Sx%26oauth_version%3D1.0
2016-04-15 02:11:05,586 - oauthlib.oauth1.rfc5849 - DEBUG - Signature: +eEhI0ZkRWKsfRG+qUOSeHJMqDc=
2016-04-15 02:11:05,586 - requests_oauthlib.oauth1_auth - DEBUG - Updated url: https://stream.twitter.com/1.1/statuses/filter.json?delimited=length
2016-04-15 02:11:05,586 - requests_oauthlib.oauth1_auth - DEBUG - Updated headers: {u'Content-Length': u'11', u'Content-Type': u'application/x-www-form-urlencoded', u'Authorization': u'OAuth oauth_nonce="140814502511461390411460686265", oauth_timestamp="1460686265", oauth_version="1.0", oauth_signature_method="HMAC-SHA1", oauth_consumer_key="0IqUcNNGuKaY59epn9E3jhinY", oauth_token="711680708222128128-XRUg8vuqnjklE4RnqGXCFyJ6WZnG4Sx", oauth_signature="%2BeEhI0ZkRWKsfRG%2BqUOSeHJMqDc%3D"'}
2016-04-15 02:11:05,587 - requests_oauthlib.oauth1_auth - DEBUG - Updated body: u'language=en'
2016-04-15 02:11:05,587 - requests.packages.urllib3.connectionpool - INFO - Starting new HTTPS connection (11): stream.twitter.com
2016-04-15 02:11:05,720 - requests.packages.urllib3.connectionpool - DEBUG - "POST /1.1/statuses/filter.json?delimited=length HTTP/1.1" 406 83
2016-04-15 02:16:25,823 - requests_oauthlib.oauth1_auth - DEBUG - Signing request <PreparedRequest [POST]> using client <Client nonce=None, signature_method=HMAC-SHA1, realm=None, encoding=utf-8, timestamp=None, resource_owner_secret=****, decoding=None, verifier=None, signature_type=AUTH_HEADER, rsa_key=None, resource_owner_key=711680708222128128-XRUg8vuqnjklE4RnqGXCFyJ6WZnG4Sx, client_secret=****, callback_uri=None, client_key=0IqUcNNGuKaY59epn9E3jhinY>
2016-04-15 02:16:25,823 - requests_oauthlib.oauth1_auth - DEBUG - Including body in call to sign: True
2016-04-15 02:16:25,824 - oauthlib.oauth1.rfc5849 - DEBUG - Collected params: [(u'delimited', u'length'), (u'oauth_nonce', u'160192725490246657931460686585'), (u'oauth_timestamp', u'1460686585'), (u'oauth_consumer_key', u'0IqUcNNGuKaY59epn9E3jhinY'), (u'oauth_signature_method', u'HMAC-SHA1'), (u'oauth_version', u'1.0'), (u'oauth_token', u'711680708222128128-XRUg8vuqnjklE4RnqGXCFyJ6WZnG4Sx'), (u'language', u'en')]
2016-04-15 02:16:25,824 - oauthlib.oauth1.rfc5849 - DEBUG - Normalized params: delimited=length&language=en&oauth_consumer_key=0IqUcNNGuKaY59epn9E3jhinY&oauth_nonce=160192725490246657931460686585&oauth_signature_method=HMAC-SHA1&oauth_timestamp=1460686585&oauth_token=711680708222128128-XRUg8vuqnjklE4RnqGXCFyJ6WZnG4Sx&oauth_version=1.0
2016-04-15 02:16:25,824 - oauthlib.oauth1.rfc5849 - DEBUG - Normalized URI: https://stream.twitter.com/1.1/statuses/filter.json
2016-04-15 02:16:25,824 - oauthlib.oauth1.rfc5849 - DEBUG - Base signing string: POST&https%3A%2F%2Fstream.twitter.com%2F1.1%2Fstatuses%2Ffilter.json&delimited%3Dlength%26language%3Den%26oauth_consumer_key%3D0IqUcNNGuKaY59epn9E3jhinY%26oauth_nonce%3D160192725490246657931460686585%26oauth_signature_method%3DHMAC-SHA1%26oauth_timestamp%3D1460686585%26oauth_token%3D711680708222128128-XRUg8vuqnjklE4RnqGXCFyJ6WZnG4Sx%26oauth_version%3D1.0
2016-04-15 02:16:25,824 - oauthlib.oauth1.rfc5849 - DEBUG - Signature: kbJ9Wjp6NXr0z0p8po9gNUyVRiI=
2016-04-15 02:16:25,825 - requests_oauthlib.oauth1_auth - DEBUG - Updated url: https://stream.twitter.com/1.1/statuses/filter.json?delimited=length
2016-04-15 02:16:25,825 - requests_oauthlib.oauth1_auth - DEBUG - Updated headers: {u'Content-Length': u'11', u'Content-Type': u'application/x-www-form-urlencoded', u'Authorization': u'OAuth oauth_nonce="160192725490246657931460686585", oauth_timestamp="1460686585", oauth_version="1.0", oauth_signature_method="HMAC-SHA1", oauth_consumer_key="0IqUcNNGuKaY59epn9E3jhinY", oauth_token="711680708222128128-XRUg8vuqnjklE4RnqGXCFyJ6WZnG4Sx", oauth_signature="kbJ9Wjp6NXr0z0p8po9gNUyVRiI%3D"'}
2016-04-15 02:16:25,825 - requests_oauthlib.oauth1_auth - DEBUG - Updated body: u'language=en'
2016-04-15 02:16:25,825 - requests.packages.urllib3.connectionpool - INFO - Starting new HTTPS connection (12): stream.twitter.com
2016-04-15 02:16:26,037 - requests.packages.urllib3.connectionpool - DEBUG - "POST /1.1/statuses/filter.json?delimited=length HTTP/1.1" 406 83
