2016-04-15 01:14:53,059 - requests_oauthlib.oauth1_auth - DEBUG - Signing request <PreparedRequest [POST]> using client <Client nonce=None, signature_method=HMAC-SHA1, realm=None, encoding=utf-8, timestamp=None, resource_owner_secret=****, decoding=None, verifier=None, signature_type=AUTH_HEADER, rsa_key=None, resource_owner_key=711680708222128128-XRUg8vuqnjklE4RnqGXCFyJ6WZnG4Sx, client_secret=****, callback_uri=None, client_key=0IqUcNNGuKaY59epn9E3jhinY>
2016-04-15 01:14:53,059 - requests_oauthlib.oauth1_auth - DEBUG - Including body in call to sign: True
2016-04-15 01:14:53,062 - oauthlib.oauth1.rfc5849 - DEBUG - Collected params: [(u'delimited', u'length'), (u'oauth_nonce', u'35211916736879013761460682893'), (u'oauth_timestamp', u'1460682893'), (u'oauth_consumer_key', u'0IqUcNNGuKaY59epn9E3jhinY'), (u'oauth_signature_method', u'HMAC-SHA1'), (u'oauth_version', u'1.0'), (u'oauth_token', u'711680708222128128-XRUg8vuqnjklE4RnqGXCFyJ6WZnG4Sx'), (u'track', u'a,the,i,you,u'), (u'language', u'en')]
2016-04-15 01:14:53,069 - oauthlib.oauth1.rfc5849 - DEBUG - Normalized params: delimited=length&language=en&oauth_consumer_key=0IqUcNNGuKaY59epn9E3jhinY&oauth_nonce=35211916736879013761460682893&oauth_signature_method=HMAC-SHA1&oauth_timestamp=1460682893&oauth_token=711680708222128128-XRUg8vuqnjklE4RnqGXCFyJ6WZnG4Sx&oauth_version=1.0&track=a%2Cthe%2Ci%2Cyou%2Cu
2016-04-15 01:14:53,069 - oauthlib.oauth1.rfc5849 - DEBUG - Normalized URI: https://stream.twitter.com/1.1/statuses/filter.json
2016-04-15 01:14:53,069 - oauthlib.oauth1.rfc5849 - DEBUG - Base signing string: POST&https%3A%2F%2Fstream.twitter.com%2F1.1%2Fstatuses%2Ffilter.json&delimited%3Dlength%26language%3Den%26oauth_consumer_key%3D0IqUcNNGuKaY59epn9E3jhinY%26oauth_nonce%3D35211916736879013761460682893%26oauth_signature_method%3DHMAC-SHA1%26oauth_timestamp%3D1460682893%26oauth_token%3D711680708222128128-XRUg8vuqnjklE4RnqGXCFyJ6WZnG4Sx%26oauth_version%3D1.0%26track%3Da%252Cthe%252Ci%252Cyou%252Cu
2016-04-15 01:14:53,070 - oauthlib.oauth1.rfc5849 - DEBUG - Signature: CC/jChiVmT4Z9VPEb5UNZWWIRc0=
2016-04-15 01:14:53,070 - requests_oauthlib.oauth1_auth - DEBUG - Updated url: https://stream.twitter.com/1.1/statuses/filter.json?delimited=length
2016-04-15 01:14:53,070 - requests_oauthlib.oauth1_auth - DEBUG - Updated headers: {u'Content-Length': u'39', u'Content-Type': u'application/x-www-form-urlencoded', u'Authorization': u'OAuth oauth_nonce="35211916736879013761460682893", oauth_timestamp="1460682893", oauth_version="1.0", oauth_signature_method="HMAC-SHA1", oauth_consumer_key="0IqUcNNGuKaY59epn9E3jhinY", oauth_token="711680708222128128-XRUg8vuqnjklE4RnqGXCFyJ6WZnG4Sx", oauth_signature="CC%2FjChiVmT4Z9VPEb5UNZWWIRc0%3D"'}
2016-04-15 01:14:53,070 - requests_oauthlib.oauth1_auth - DEBUG - Updated body: u'track=a%2Cthe%2Ci%2Cyou%2Cu&language=en'
2016-04-15 01:14:53,071 - requests.packages.urllib3.connectionpool - INFO - Starting new HTTPS connection (1): stream.twitter.com
2016-04-15 01:14:53,289 - requests.packages.urllib3.connectionpool - DEBUG - "POST /1.1/statuses/filter.json?delimited=length HTTP/1.1" 420 36
2016-04-15 01:15:53,349 - requests_oauthlib.oauth1_auth - DEBUG - Signing request <PreparedRequest [POST]> using client <Client nonce=None, signature_method=HMAC-SHA1, realm=None, encoding=utf-8, timestamp=None, resource_owner_secret=****, decoding=None, verifier=None, signature_type=AUTH_HEADER, rsa_key=None, resource_owner_key=711680708222128128-XRUg8vuqnjklE4RnqGXCFyJ6WZnG4Sx, client_secret=****, callback_uri=None, client_key=0IqUcNNGuKaY59epn9E3jhinY>
2016-04-15 01:15:53,350 - requests_oauthlib.oauth1_auth - DEBUG - Including body in call to sign: True
2016-04-15 01:15:53,350 - oauthlib.oauth1.rfc5849 - DEBUG - Collected params: [(u'delimited', u'length'), (u'oauth_nonce', u'31655453287704278351460682953'), (u'oauth_timestamp', u'1460682953'), (u'oauth_consumer_key', u'0IqUcNNGuKaY59epn9E3jhinY'), (u'oauth_signature_method', u'HMAC-SHA1'), (u'oauth_version', u'1.0'), (u'oauth_token', u'711680708222128128-XRUg8vuqnjklE4RnqGXCFyJ6WZnG4Sx'), (u'track', u'a,the,i,you,u'), (u'language', u'en')]
2016-04-15 01:15:53,351 - oauthlib.oauth1.rfc5849 - DEBUG - Normalized params: delimited=length&language=en&oauth_consumer_key=0IqUcNNGuKaY59epn9E3jhinY&oauth_nonce=31655453287704278351460682953&oauth_signature_method=HMAC-SHA1&oauth_timestamp=1460682953&oauth_token=711680708222128128-XRUg8vuqnjklE4RnqGXCFyJ6WZnG4Sx&oauth_version=1.0&track=a%2Cthe%2Ci%2Cyou%2Cu
2016-04-15 01:15:53,351 - oauthlib.oauth1.rfc5849 - DEBUG - Normalized URI: https://stream.twitter.com/1.1/statuses/filter.json
2016-04-15 01:15:53,351 - oauthlib.oauth1.rfc5849 - DEBUG - Base signing string: POST&https%3A%2F%2Fstream.twitter.com%2F1.1%2Fstatuses%2Ffilter.json&delimited%3Dlength%26language%3Den%26oauth_consumer_key%3D0IqUcNNGuKaY59epn9E3jhinY%26oauth_nonce%3D31655453287704278351460682953%26oauth_signature_method%3DHMAC-SHA1%26oauth_timestamp%3D1460682953%26oauth_token%3D711680708222128128-XRUg8vuqnjklE4RnqGXCFyJ6WZnG4Sx%26oauth_version%3D1.0%26track%3Da%252Cthe%252Ci%252Cyou%252Cu
2016-04-15 01:15:53,351 - oauthlib.oauth1.rfc5849 - DEBUG - Signature: zuRBDTk93icPD/+PrUusrB8ejR4=
2016-04-15 01:15:53,351 - requests_oauthlib.oauth1_auth - DEBUG - Updated url: https://stream.twitter.com/1.1/statuses/filter.json?delimited=length
2016-04-15 01:15:53,351 - requests_oauthlib.oauth1_auth - DEBUG - Updated headers: {u'Content-Length': u'39', u'Content-Type': u'application/x-www-form-urlencoded', u'Authorization': u'OAuth oauth_nonce="31655453287704278351460682953", oauth_timestamp="1460682953", oauth_version="1.0", oauth_signature_method="HMAC-SHA1", oauth_consumer_key="0IqUcNNGuKaY59epn9E3jhinY", oauth_token="711680708222128128-XRUg8vuqnjklE4RnqGXCFyJ6WZnG4Sx", oauth_signature="zuRBDTk93icPD%2F%2BPrUusrB8ejR4%3D"'}
2016-04-15 01:15:53,352 - requests_oauthlib.oauth1_auth - DEBUG - Updated body: u'track=a%2Cthe%2Ci%2Cyou%2Cu&language=en'
2016-04-15 01:15:53,352 - requests.packages.urllib3.connectionpool - INFO - Starting new HTTPS connection (2): stream.twitter.com
2016-04-15 01:15:53,472 - requests.packages.urllib3.connectionpool - DEBUG - "POST /1.1/statuses/filter.json?delimited=length HTTP/1.1" 420 36
2016-04-15 01:17:53,548 - requests_oauthlib.oauth1_auth - DEBUG - Signing request <PreparedRequest [POST]> using client <Client nonce=None, signature_method=HMAC-SHA1, realm=None, encoding=utf-8, timestamp=None, resource_owner_secret=****, decoding=None, verifier=None, signature_type=AUTH_HEADER, rsa_key=None, resource_owner_key=711680708222128128-XRUg8vuqnjklE4RnqGXCFyJ6WZnG4Sx, client_secret=****, callback_uri=None, client_key=0IqUcNNGuKaY59epn9E3jhinY>
2016-04-15 01:17:53,549 - requests_oauthlib.oauth1_auth - DEBUG - Including body in call to sign: True
2016-04-15 01:17:53,549 - oauthlib.oauth1.rfc5849 - DEBUG - Collected params: [(u'delimited', u'length'), (u'oauth_nonce', u'36837383714866283801460683073'), (u'oauth_timestamp', u'1460683073'), (u'oauth_consumer_key', u'0IqUcNNGuKaY59epn9E3jhinY'), (u'oauth_signature_method', u'HMAC-SHA1'), (u'oauth_version', u'1.0'), (u'oauth_token', u'711680708222128128-XRUg8vuqnjklE4RnqGXCFyJ6WZnG4Sx'), (u'track', u'a,the,i,you,u'), (u'language', u'en')]
2016-04-15 01:17:53,549 - oauthlib.oauth1.rfc5849 - DEBUG - Normalized params: delimited=length&language=en&oauth_consumer_key=0IqUcNNGuKaY59epn9E3jhinY&oauth_nonce=36837383714866283801460683073&oauth_signature_method=HMAC-SHA1&oauth_timestamp=1460683073&oauth_token=711680708222128128-XRUg8vuqnjklE4RnqGXCFyJ6WZnG4Sx&oauth_version=1.0&track=a%2Cthe%2Ci%2Cyou%2Cu
2016-04-15 01:17:53,550 - oauthlib.oauth1.rfc5849 - DEBUG - Normalized URI: https://stream.twitter.com/1.1/statuses/filter.json
2016-04-15 01:17:53,550 - oauthlib.oauth1.rfc5849 - DEBUG - Base signing string: POST&https%3A%2F%2Fstream.twitter.com%2F1.1%2Fstatuses%2Ffilter.json&delimited%3Dlength%26language%3Den%26oauth_consumer_key%3D0IqUcNNGuKaY59epn9E3jhinY%26oauth_nonce%3D36837383714866283801460683073%26oauth_signature_method%3DHMAC-SHA1%26oauth_timestamp%3D1460683073%26oauth_token%3D711680708222128128-XRUg8vuqnjklE4RnqGXCFyJ6WZnG4Sx%26oauth_version%3D1.0%26track%3Da%252Cthe%252Ci%252Cyou%252Cu
2016-04-15 01:17:53,550 - oauthlib.oauth1.rfc5849 - DEBUG - Signature: iznuDFUS7Rs1KTTExupNxZ47nsc=
2016-04-15 01:17:53,550 - requests_oauthlib.oauth1_auth - DEBUG - Updated url: https://stream.twitter.com/1.1/statuses/filter.json?delimited=length
2016-04-15 01:17:53,550 - requests_oauthlib.oauth1_auth - DEBUG - Updated headers: {u'Content-Length': u'39', u'Content-Type': u'application/x-www-form-urlencoded', u'Authorization': u'OAuth oauth_nonce="36837383714866283801460683073", oauth_timestamp="1460683073", oauth_version="1.0", oauth_signature_method="HMAC-SHA1", oauth_consumer_key="0IqUcNNGuKaY59epn9E3jhinY", oauth_token="711680708222128128-XRUg8vuqnjklE4RnqGXCFyJ6WZnG4Sx", oauth_signature="iznuDFUS7Rs1KTTExupNxZ47nsc%3D"'}
2016-04-15 01:17:53,550 - requests_oauthlib.oauth1_auth - DEBUG - Updated body: u'track=a%2Cthe%2Ci%2Cyou%2Cu&language=en'
2016-04-15 01:17:53,551 - requests.packages.urllib3.connectionpool - INFO - Starting new HTTPS connection (3): stream.twitter.com
2016-04-15 01:17:53,689 - requests.packages.urllib3.connectionpool - DEBUG - "POST /1.1/statuses/filter.json?delimited=length HTTP/1.1" 200 None
